"../../../Engine/Content/EditorResources/S_Actor.ubulk" 0
"../../../Engine/Content/EditorResources/S_Actor.uasset" 1
"../../../Engine/Content/EditorResources/S_Actor.uexp" 2
"../../../Engine/Content/EditorResources/S_BoxReflectionCapture.uasset" 3
"../../../Engine/Content/EditorResources/S_BoxReflectionCapture.uexp" 4
"../../../Engine/Content/EngineResources/DefaultTexture.ubulk" 5
"../../../Engine/Content/EngineResources/DefaultTexture.uasset" 6
"../../../Engine/Content/EngineResources/DefaultTexture.uexp" 7
"../../../Engine/Content/EngineResources/DefaultTextureCube.uasset" 8
"../../../Engine/Content/EngineResources/DefaultTextureCube.uexp" 9
"../../../Engine/Content/EngineResources/DefaultVolumeTexture2D.uasset" 10
"../../../Engine/Content/EngineResources/DefaultVolumeTexture2D.uexp" 11
"../../../Engine/Content/EngineResources/DefaultVolumeTexture.uasset" 12
"../../../Engine/Content/EngineResources/DefaultVolumeTexture.uexp" 13
"../../../Engine/Content/EditorResources/S_Trigger.ubulk" 14
"../../../Engine/Content/EditorResources/S_Trigger.uasset" 15
"../../../Engine/Content/EditorResources/S_Trigger.uexp" 16
"../../../Engine/Content/EditorResources/S_TriggerBox.uasset" 17
"../../../Engine/Content/EditorResources/S_TriggerBox.uexp" 18
"../../../Engine/Content/EditorResources/S_TriggerCapsule.uasset" 19
"../../../Engine/Content/EditorResources/S_TriggerCapsule.uexp" 20
"../../../Engine/Content/EditorResources/S_TriggerSphere.uasset" 21
"../../../Engine/Content/EditorResources/S_TriggerSphere.uexp" 22
"../../../Engine/Content/EngineMeshes/Sphere.ubulk" 23
"../../../Engine/Content/EngineMeshes/Sphere.uasset" 24
"../../../Engine/Content/EngineMeshes/Sphere.uexp" 25
"../../../Engine/Content/EngineResources/GradientTexture0.uasset" 26
"../../../Engine/Content/EngineResources/GradientTexture0.uexp" 27
"../../../Engine/Content/EngineResources/Black.uasset" 28
"../../../Engine/Content/EngineResources/Black.uexp" 29
"../../../Engine/Content/VREditor/LaserPointer/VR_LaserPower_01.ubulk" 30
"../../../Engine/Content/VREditor/LaserPointer/VR_LaserPower_01.uasset" 31
"../../../Engine/Content/VREditor/LaserPointer/VR_LaserPower_01.uexp" 32
"../../../Engine/Content/VREditor/TransformGizmo/TransformGizmoMaterial.uasset" 33
"../../../Engine/Content/VREditor/TransformGizmo/TransformGizmoMaterial.uexp" 34
"../../../Engine/Content/VREditor/TransformGizmo/TranslucentTransformGizmoMaterial.uasset" 35
"../../../Engine/Content/VREditor/TransformGizmo/TranslucentTransformGizmoMaterial.uexp" 36
"../../../Engine/Content/VREditor/TransformGizmo/BoundingBoxCorner.ubulk" 37
"../../../Engine/Content/VREditor/TransformGizmo/BoundingBoxCorner.uasset" 38
"../../../Engine/Content/VREditor/TransformGizmo/BoundingBoxCorner.uexp" 39
"../../../Engine/Content/VREditor/TransformGizmo/BoundingBoxEdge.ubulk" 40
"../../../Engine/Content/VREditor/TransformGizmo/BoundingBoxEdge.uasset" 41
"../../../Engine/Content/VREditor/TransformGizmo/BoundingBoxEdge.uexp" 42
"../../../Engine/Content/VREditor/TransformGizmo/Main.uasset" 43
"../../../Engine/Content/VREditor/TransformGizmo/Main.uexp" 44
"../../../Engine/Content/VREditor/TransformGizmo/Xray.uasset" 45
"../../../Engine/Content/VREditor/TransformGizmo/Xray.uexp" 46
"../../../Engine/Content/VREditor/TransformGizmo/SM_Sequencer_Node.ubulk" 47
"../../../Engine/Content/VREditor/TransformGizmo/SM_Sequencer_Node.uasset" 48
"../../../Engine/Content/VREditor/TransformGizmo/SM_Sequencer_Node.uexp" 49
"../../../Engine/Content/EditorResources/S_Solver.ubulk" 50
"../../../Engine/Content/EditorResources/S_Solver.uasset" 51
"../../../Engine/Content/EditorResources/S_Solver.uexp" 52
"../../../Engine/Content/EditorMaterials/Camera/CineMat.uasset" 53
"../../../Engine/Content/EditorMaterials/Camera/CineMat.uexp" 54
"../../../Engine/Content/EditorMaterials/Camera/MI_CineMat_Rig.uasset" 55
"../../../Engine/Content/EditorMaterials/Camera/MI_CineMat_Rig.uexp" 56
"../../../Engine/Content/EditorMeshes/Camera/SM_CraneRig_Base.ubulk" 57
"../../../Engine/Content/EditorMeshes/Camera/SM_CraneRig_Base.uasset" 58
"../../../Engine/Content/EditorMeshes/Camera/SM_CraneRig_Base.uexp" 59
"../../../Engine/Content/EditorMeshes/Camera/SM_CraneRig_Arm.ubulk" 60
"../../../Engine/Content/EditorMeshes/Camera/SM_CraneRig_Arm.uasset" 61
"../../../Engine/Content/EditorMeshes/Camera/SM_CraneRig_Arm.uexp" 62
"../../../Engine/Content/EditorMeshes/Camera/SM_CraneRig_Mount.ubulk" 63
"../../../Engine/Content/EditorMeshes/Camera/SM_CraneRig_Mount.uasset" 64
"../../../Engine/Content/EditorMeshes/Camera/SM_CraneRig_Mount.uexp" 65
"../../../Engine/Content/EditorMeshes/Camera/SM_CraneRig_Body.ubulk" 66
"../../../Engine/Content/EditorMeshes/Camera/SM_CraneRig_Body.uasset" 67
"../../../Engine/Content/EditorMeshes/Camera/SM_CraneRig_Body.uexp" 68
"../../../Engine/Content/EditorMeshes/Camera/SM_RailRig_Track.ubulk" 69
"../../../Engine/Content/EditorMeshes/Camera/SM_RailRig_Track.uasset" 70
"../../../Engine/Content/EditorMeshes/Camera/SM_RailRig_Track.uexp" 71
"../../../Engine/Content/EditorMeshes/Camera/SM_RailRig_Mount.ubulk" 72
"../../../Engine/Content/EditorMeshes/Camera/SM_RailRig_Mount.uasset" 73
"../../../Engine/Content/EditorMeshes/Camera/SM_RailRig_Mount.uexp" 74
"../../../Engine/Content/EngineMaterials/T_Default_Material_Grid_M.ubulk" 75
"../../../Engine/Content/EngineMaterials/T_Default_Material_Grid_M.uasset" 76
"../../../Engine/Content/EngineMaterials/T_Default_Material_Grid_M.uexp" 77
"../../../Engine/Content/EngineMaterials/T_Default_Material_Grid_N.ubulk" 78
"../../../Engine/Content/EngineMaterials/T_Default_Material_Grid_N.uasset" 79
"../../../Engine/Content/EngineMaterials/T_Default_Material_Grid_N.uexp" 80
"../../../Engine/Content/Functions/Engine_MaterialFunctions01/Opacity/CameraDepthFade.uasset" 81
"../../../Engine/Content/Functions/Engine_MaterialFunctions01/Opacity/CameraDepthFade.uexp" 82
"../../../Engine/Content/EngineMaterials/WorldGridMaterial.uasset" 83
"../../../Engine/Content/EngineMaterials/WorldGridMaterial.uexp" 84
"../../../Engine/Content/ArtTools/RenderToTexture/Meshes/S_1_Unit_Plane.ubulk" 85
"../../../Engine/Content/ArtTools/RenderToTexture/Meshes/S_1_Unit_Plane.uasset" 86
"../../../Engine/Content/ArtTools/RenderToTexture/Meshes/S_1_Unit_Plane.uexp" 87
"../../../Engine/Content/EditorMaterials/ParticleSystems/PSysThumbnail_NoImage.ubulk" 88
"../../../Engine/Content/EditorMaterials/ParticleSystems/PSysThumbnail_NoImage.uasset" 89
"../../../Engine/Content/EditorMaterials/ParticleSystems/PSysThumbnail_NoImage.uexp" 90
"../../../Engine/Content/EditorMaterials/ParticleSystems/PSysThumbnail_OOD.ubulk" 91
"../../../Engine/Content/EditorMaterials/ParticleSystems/PSysThumbnail_OOD.uasset" 92
"../../../Engine/Content/EditorMaterials/ParticleSystems/PSysThumbnail_OOD.uexp" 93
"../../../Engine/Content/EditorLandscapeResources/SplineEditorMeshMat.uasset" 94
"../../../Engine/Content/EditorLandscapeResources/SplineEditorMeshMat.uexp" 95
"../../../Engine/Content/EditorLandscapeResources/SplineEditorMesh.ubulk" 96
"../../../Engine/Content/EditorLandscapeResources/SplineEditorMesh.uasset" 97
"../../../Engine/Content/EditorLandscapeResources/SplineEditorMesh.uexp" 98
"../../../Engine/Plugins/Media/MediaPlate/Content/SM_MediaPlateScreen.ubulk" 99
"../../../Engine/Plugins/Media/MediaPlate/Content/SM_MediaPlateScreen.uasset" 100
"../../../Engine/Plugins/Media/MediaPlate/Content/SM_MediaPlateScreen.uexp" 101
"../../../Engine/Content/EngineMaterials/DefaultBokeh.uasset" 102
"../../../Engine/Content/EngineMaterials/DefaultBokeh.uexp" 103
"../../../Engine/Content/EngineMaterials/MiniFont.uasset" 104
"../../../Engine/Content/EngineMaterials/MiniFont.uexp" 105
"../../../Engine/Content/EngineMaterials/WeightMapPlaceholderTexture.uasset" 106
"../../../Engine/Content/EngineMaterials/WeightMapPlaceholderTexture.uexp" 107
"../../../Engine/Content/EngineMaterials/WeightMapArrayPlaceholderTexture.uasset" 108
"../../../Engine/Content/EngineMaterials/WeightMapArrayPlaceholderTexture.uexp" 109
"../../../Engine/Content/EngineMaterials/DefaultWhiteGrid.ubulk" 110
"../../../Engine/Content/EngineMaterials/DefaultWhiteGrid.uasset" 111
"../../../Engine/Content/EngineMaterials/DefaultWhiteGrid.uexp" 112
"../../../Engine/Content/EngineMaterials/PreintegratedSkinBRDF.uasset" 113
"../../../Engine/Content/EngineMaterials/PreintegratedSkinBRDF.uexp" 114
"../../../Engine/Plugins/Runtime/MeshModelingToolset/Content/Materials/M_DynamicMeshComponentVtxColor.uasset" 115
"../../../Engine/Plugins/Runtime/MeshModelingToolset/Content/Materials/M_DynamicMeshComponentVtxColor.uexp" 116
"../../../Engine/Content/Functions/Engine_MaterialFunctions02/Utility/CameraDirectionVector.uasset" 117
"../../../Engine/Content/Functions/Engine_MaterialFunctions02/Utility/CameraDirectionVector.uexp" 118
"../../../Engine/Content/Functions/Engine_MaterialFunctions01/Volumetrics/BeersLaw.uasset" 119
"../../../Engine/Content/Functions/Engine_MaterialFunctions01/Volumetrics/BeersLaw.uexp" 120
"../../../Engine/Content/EngineMaterials/Good64x64TilingNoiseHighFreq.uasset" 121
"../../../Engine/Content/EngineMaterials/Good64x64TilingNoiseHighFreq.uexp" 122
"../../../Engine/Content/Functions/Engine_MaterialFunctions02/Texturing/ScreenAlignedPixelToPixelUVs.uasset" 123
"../../../Engine/Content/Functions/Engine_MaterialFunctions02/Texturing/ScreenAlignedPixelToPixelUVs.uexp" 124
"../../../Engine/Content/Functions/Engine_MaterialFunctions02/Utility/BreakOutFloat3Components.uasset" 125
"../../../Engine/Content/Functions/Engine_MaterialFunctions02/Utility/BreakOutFloat3Components.uexp" 126
"../../../Engine/Content/Functions/Engine_MaterialFunctions03/Math/RemapValueRange.uasset" 127
"../../../Engine/Content/Functions/Engine_MaterialFunctions03/Math/RemapValueRange.uexp" 128
"../../../Engine/Plugins/Editor/SpeedTreeImporter/Content/SpeedTree9/game_wind_noise.ubulk" 129
"../../../Engine/Plugins/Editor/SpeedTreeImporter/Content/SpeedTree9/game_wind_noise.uasset" 130
"../../../Engine/Plugins/Editor/SpeedTreeImporter/Content/SpeedTree9/game_wind_noise.uexp" 131
"../../../Engine/Plugins/Editor/SpeedTreeImporter/Content/SpeedTree9/UnpackDirection.uasset" 132
"../../../Engine/Plugins/Editor/SpeedTreeImporter/Content/SpeedTree9/UnpackDirection.uexp" 133
"../../../Engine/Content/Functions/Engine_MaterialFunctions02/ObjectLocalBounds.uasset" 134
"../../../Engine/Content/Functions/Engine_MaterialFunctions02/ObjectLocalBounds.uexp" 135
"../../../Engine/Content/Functions/Engine_MaterialFunctions02/UVs/BoundingBoxBased_0-1_UVW.uasset" 136
"../../../Engine/Content/Functions/Engine_MaterialFunctions02/UVs/BoundingBoxBased_0-1_UVW.uexp" 137
"../../../Engine/Content/Functions/Engine_MaterialFunctions02/Utility/VectorLength.uasset" 138
"../../../Engine/Content/Functions/Engine_MaterialFunctions02/Utility/VectorLength.uexp" 139
"../../../Engine/Plugins/Editor/SpeedTreeImporter/Content/SpeedTree9/UnpackInteger3.uasset" 140
"../../../Engine/Plugins/Editor/SpeedTreeImporter/Content/SpeedTree9/UnpackInteger3.uexp" 141
"../../../Engine/Plugins/Editor/SpeedTreeImporter/Content/SpeedTree9/SpeedTreeCameraFacing.uasset" 142
"../../../Engine/Plugins/Editor/SpeedTreeImporter/Content/SpeedTree9/SpeedTreeCameraFacing.uexp" 143
"../../../Engine/Content/Functions/Engine_MaterialFunctions02/WorldPositionOffset/ObjectScale.uasset" 144
"../../../Engine/Content/Functions/Engine_MaterialFunctions02/WorldPositionOffset/ObjectScale.uexp" 145
"../../../Engine/Content/Functions/Engine_MaterialFunctions02/SafeNormalize.uasset" 146
"../../../Engine/Content/Functions/Engine_MaterialFunctions02/SafeNormalize.uexp" 147
"../../../Engine/Plugins/Editor/SpeedTreeImporter/Content/SpeedTree9/SpeedTreeWindMotion.uasset" 148
"../../../Engine/Plugins/Editor/SpeedTreeImporter/Content/SpeedTree9/SpeedTreeWindMotion.uexp" 149
"../../../Engine/Plugins/Editor/SpeedTreeImporter/Content/SpeedTree9/SpeedTreeBranchMotion.uasset" 150
"../../../Engine/Plugins/Editor/SpeedTreeImporter/Content/SpeedTree9/SpeedTreeBranchMotion.uexp" 151
"../../../Engine/Plugins/Editor/SpeedTreeImporter/Content/SpeedTree9/SpeedTreeWind.uasset" 152
"../../../Engine/Plugins/Editor/SpeedTreeImporter/Content/SpeedTree9/SpeedTreeWind.uexp" 153
"../../../Engine/Plugins/Editor/SpeedTreeImporter/Content/SpeedTree9/EmptyNormal.uasset" 154
"../../../Engine/Plugins/Editor/SpeedTreeImporter/Content/SpeedTree9/EmptyNormal.uexp" 155
"../../../Engine/Plugins/Editor/SpeedTreeImporter/Content/SpeedTree9/Empty.uasset" 156
"../../../Engine/Plugins/Editor/SpeedTreeImporter/Content/SpeedTree9/Empty.uexp" 157
"../../../Engine/Plugins/Editor/SpeedTreeImporter/Content/SpeedTree9/SpeedTreeMaster.uasset" 158
"../../../Engine/Plugins/Editor/SpeedTreeImporter/Content/SpeedTree9/SpeedTreeMaster.uexp" 159
"../../../Engine/Plugins/Editor/SpeedTreeImporter/Content/SpeedTree9/SpeedTreeBillboard.uasset" 160
"../../../Engine/Plugins/Editor/SpeedTreeImporter/Content/SpeedTree9/SpeedTreeBillboard.uexp" 161
"../../../Engine/Plugins/Editor/SpeedTreeImporter/Content/SpeedTree9/SpeedTreeBillboardMaster.uasset" 162
"../../../Engine/Plugins/Editor/SpeedTreeImporter/Content/SpeedTree9/SpeedTreeBillboardMaster.uexp" 163
"../../../Engine/Content/Functions/Engine_MaterialFunctions02/WorldPositionOffset/CameraOffset.uasset" 164
"../../../Engine/Content/Functions/Engine_MaterialFunctions02/WorldPositionOffset/CameraOffset.uexp" 165
"../../../Engine/Plugins/Animation/ControlRig/Content/M_Manip.uasset" 166
"../../../Engine/Plugins/Animation/ControlRig/Content/M_Manip.uexp" 167
"../../../Engine/Plugins/Animation/ControlRig/Content/Controls/DefaultGizmoLibraryNormalized.uasset" 168
"../../../Engine/Plugins/Animation/ControlRig/Content/Controls/DefaultGizmoLibraryNormalized.uexp" 169
"../../../Engine/Plugins/Animation/ControlRig/Content/Controls/ControlRig_Wedge_solid.ubulk" 170
"../../../Engine/Plugins/Animation/ControlRig/Content/Controls/ControlRig_Wedge_solid.uasset" 171
"../../../Engine/Plugins/Animation/ControlRig/Content/Controls/ControlRig_Wedge_solid.uexp" 172
"../../../Engine/Plugins/Animation/ControlRig/Content/Controls/ControlRig_Wedge_3mm.ubulk" 173
"../../../Engine/Plugins/Animation/ControlRig/Content/Controls/ControlRig_Wedge_3mm.uasset" 174
"../../../Engine/Plugins/Animation/ControlRig/Content/Controls/ControlRig_Wedge_3mm.uexp" 175
"../../../Engine/Plugins/Animation/ControlRig/Content/Controls/ControlRig_Wedge_1mm.ubulk" 176
"../../../Engine/Plugins/Animation/ControlRig/Content/Controls/ControlRig_Wedge_1mm.uasset" 177
"../../../Engine/Plugins/Animation/ControlRig/Content/Controls/ControlRig_Wedge_1mm.uexp" 178
"../../../Engine/Plugins/Animation/ControlRig/Content/Controls/ControlRig_Triangle_solid.ubulk" 179
"../../../Engine/Plugins/Animation/ControlRig/Content/Controls/ControlRig_Triangle_solid.uasset" 180
"../../../Engine/Plugins/Animation/ControlRig/Content/Controls/ControlRig_Triangle_solid.uexp" 181
"../../../Engine/Plugins/Animation/ControlRig/Content/Controls/ControlRig_Triangle_3mm.ubulk" 182
"../../../Engine/Plugins/Animation/ControlRig/Content/Controls/ControlRig_Triangle_3mm.uasset" 183
"../../../Engine/Plugins/Animation/ControlRig/Content/Controls/ControlRig_Triangle_3mm.uexp" 184
"../../../Engine/Plugins/Animation/ControlRig/Content/Controls/ControlRig_Triangle_1mm.ubulk" 185
"../../../Engine/Plugins/Animation/ControlRig/Content/Controls/ControlRig_Triangle_1mm.uasset" 186
"../../../Engine/Plugins/Animation/ControlRig/Content/Controls/ControlRig_Triangle_1mm.uexp" 187
"../../../Engine/Plugins/Animation/ControlRig/Content/Controls/ControlRig_Star4_solid.ubulk" 188
"../../../Engine/Plugins/Animation/ControlRig/Content/Controls/ControlRig_Star4_solid.uasset" 189
"../../../Engine/Plugins/Animation/ControlRig/Content/Controls/ControlRig_Star4_solid.uexp" 190
"../../../Engine/Plugins/Animation/ControlRig/Content/Controls/ControlRig_Star4_3mm.ubulk" 191
"../../../Engine/Plugins/Animation/ControlRig/Content/Controls/ControlRig_Star4_3mm.uasset" 192
"../../../Engine/Plugins/Animation/ControlRig/Content/Controls/ControlRig_Star4_3mm.uexp" 193
"../../../Engine/Plugins/Animation/ControlRig/Content/Controls/ControlRig_Star4_1mm.ubulk" 194
"../../../Engine/Plugins/Animation/ControlRig/Content/Controls/ControlRig_Star4_1mm.uasset" 195
"../../../Engine/Plugins/Animation/ControlRig/Content/Controls/ControlRig_Star4_1mm.uexp" 196
"../../../Engine/Plugins/Animation/ControlRig/Content/Controls/ControlRig_Square_solid.ubulk" 197
"../../../Engine/Plugins/Animation/ControlRig/Content/Controls/ControlRig_Square_solid.uasset" 198
"../../../Engine/Plugins/Animation/ControlRig/Content/Controls/ControlRig_Square_solid.uexp" 199
"../../../Engine/Plugins/Animation/ControlRig/Content/Controls/ControlRig_Square_3mm.ubulk" 200
"../../../Engine/Plugins/Animation/ControlRig/Content/Controls/ControlRig_Square_3mm.uasset" 201
"../../../Engine/Plugins/Animation/ControlRig/Content/Controls/ControlRig_Square_3mm.uexp" 202
"../../../Engine/Plugins/Animation/ControlRig/Content/Controls/ControlRig_Square_1mm.ubulk" 203
"../../../Engine/Plugins/Animation/ControlRig/Content/Controls/ControlRig_Square_1mm.uasset" 204
"../../../Engine/Plugins/Animation/ControlRig/Content/Controls/ControlRig_Square_1mm.uexp" 205
"../../../Engine/Plugins/Animation/ControlRig/Content/Controls/ControlRig_Sphere_solid.ubulk" 206
"../../../Engine/Plugins/Animation/ControlRig/Content/Controls/ControlRig_Sphere_solid.uasset" 207
"../../../Engine/Plugins/Animation/ControlRig/Content/Controls/ControlRig_Sphere_solid.uexp" 208
"../../../Engine/Plugins/Animation/ControlRig/Content/Controls/ControlRig_Sphere_3mm.ubulk" 209
"../../../Engine/Plugins/Animation/ControlRig/Content/Controls/ControlRig_Sphere_3mm.uasset" 210
"../../../Engine/Plugins/Animation/ControlRig/Content/Controls/ControlRig_Sphere_3mm.uexp" 211
"../../../Engine/Plugins/Animation/ControlRig/Content/Controls/ControlRig_Sphere_1mm.ubulk" 212
"../../../Engine/Plugins/Animation/ControlRig/Content/Controls/ControlRig_Sphere_1mm.uasset" 213
"../../../Engine/Plugins/Animation/ControlRig/Content/Controls/ControlRig_Sphere_1mm.uexp" 214
"../../../Engine/Plugins/Animation/ControlRig/Content/Controls/ControlRig_RoundedTriangle_solid.ubulk" 215
"../../../Engine/Plugins/Animation/ControlRig/Content/Controls/ControlRig_RoundedTriangle_solid.uasset" 216
"../../../Engine/Plugins/Animation/ControlRig/Content/Controls/ControlRig_RoundedTriangle_solid.uexp" 217
"../../../Engine/Plugins/Animation/ControlRig/Content/Controls/ControlRig_RoundedTriangle_3mm.ubulk" 218
"../../../Engine/Plugins/Animation/ControlRig/Content/Controls/ControlRig_RoundedTriangle_3mm.uasset" 219
"../../../Engine/Plugins/Animation/ControlRig/Content/Controls/ControlRig_RoundedTriangle_3mm.uexp" 220
"../../../Engine/Plugins/Animation/ControlRig/Content/Controls/ControlRig_RoundedTriangle_1mm.ubulk" 221
"../../../Engine/Plugins/Animation/ControlRig/Content/Controls/ControlRig_RoundedTriangle_1mm.uasset" 222
"../../../Engine/Plugins/Animation/ControlRig/Content/Controls/ControlRig_RoundedTriangle_1mm.uexp" 223
"../../../Engine/Plugins/Animation/ControlRig/Content/Controls/ControlRig_RoundedSquare_solid.ubulk" 224
"../../../Engine/Plugins/Animation/ControlRig/Content/Controls/ControlRig_RoundedSquare_solid.uasset" 225
"../../../Engine/Plugins/Animation/ControlRig/Content/Controls/ControlRig_RoundedSquare_solid.uexp" 226
"../../../Engine/Plugins/Animation/ControlRig/Content/Controls/ControlRig_RoundedSquare_3mm.ubulk" 227
"../../../Engine/Plugins/Animation/ControlRig/Content/Controls/ControlRig_RoundedSquare_3mm.uasset" 228
"../../../Engine/Plugins/Animation/ControlRig/Content/Controls/ControlRig_RoundedSquare_3mm.uexp" 229
"../../../Engine/Plugins/Animation/ControlRig/Content/Controls/ControlRig_RoundedSquare_1mm.ubulk" 230
"../../../Engine/Plugins/Animation/ControlRig/Content/Controls/ControlRig_RoundedSquare_1mm.uasset" 231
"../../../Engine/Plugins/Animation/ControlRig/Content/Controls/ControlRig_RoundedSquare_1mm.uexp" 232
"../../../Engine/Plugins/Animation/ControlRig/Content/Controls/ControlRig_QuarterCircle_solid.ubulk" 233
"../../../Engine/Plugins/Animation/ControlRig/Content/Controls/ControlRig_QuarterCircle_solid.uasset" 234
"../../../Engine/Plugins/Animation/ControlRig/Content/Controls/ControlRig_QuarterCircle_solid.uexp" 235
"../../../Engine/Plugins/Animation/ControlRig/Content/Controls/ControlRig_QuarterCircle_3mm.ubulk" 236
"../../../Engine/Plugins/Animation/ControlRig/Content/Controls/ControlRig_QuarterCircle_3mm.uasset" 237
"../../../Engine/Plugins/Animation/ControlRig/Content/Controls/ControlRig_QuarterCircle_3mm.uexp" 238
"../../../Engine/Plugins/Animation/ControlRig/Content/Controls/ControlRig_QuarterCircle_1mm.ubulk" 239
"../../../Engine/Plugins/Animation/ControlRig/Content/Controls/ControlRig_QuarterCircle_1mm.uasset" 240
"../../../Engine/Plugins/Animation/ControlRig/Content/Controls/ControlRig_QuarterCircle_1mm.uexp" 241
"../../../Engine/Plugins/Animation/ControlRig/Content/Controls/ControlRig_Pyramid_solid.ubulk" 242
"../../../Engine/Plugins/Animation/ControlRig/Content/Controls/ControlRig_Pyramid_solid.uasset" 243
"../../../Engine/Plugins/Animation/ControlRig/Content/Controls/ControlRig_Pyramid_solid.uexp" 244
"../../../Engine/Plugins/Animation/ControlRig/Content/Controls/ControlRig_Pyramid_3mm.ubulk" 245
"../../../Engine/Plugins/Animation/ControlRig/Content/Controls/ControlRig_Pyramid_3mm.uasset" 246
"../../../Engine/Plugins/Animation/ControlRig/Content/Controls/ControlRig_Pyramid_3mm.uexp" 247
"../../../Engine/Plugins/Animation/ControlRig/Content/Controls/ControlRig_Pyramid_1mm.ubulk" 248
"../../../Engine/Plugins/Animation/ControlRig/Content/Controls/ControlRig_Pyramid_1mm.uasset" 249
"../../../Engine/Plugins/Animation/ControlRig/Content/Controls/ControlRig_Pyramid_1mm.uexp" 250
"../../../Engine/Plugins/Animation/ControlRig/Content/Controls/ControlRig_Octagon_solid.ubulk" 251
"../../../Engine/Plugins/Animation/ControlRig/Content/Controls/ControlRig_Octagon_solid.uasset" 252
"../../../Engine/Plugins/Animation/ControlRig/Content/Controls/ControlRig_Octagon_solid.uexp" 253
"../../../Engine/Plugins/Animation/ControlRig/Content/Controls/ControlRig_Octagon_3mm.ubulk" 254
"../../../Engine/Plugins/Animation/ControlRig/Content/Controls/ControlRig_Octagon_3mm.uasset" 255
"../../../Engine/Plugins/Animation/ControlRig/Content/Controls/ControlRig_Octagon_3mm.uexp" 256
"../../../Engine/Plugins/Animation/ControlRig/Content/Controls/ControlRig_Octagon_1mm.ubulk" 257
"../../../Engine/Plugins/Animation/ControlRig/Content/Controls/ControlRig_Octagon_1mm.uasset" 258
"../../../Engine/Plugins/Animation/ControlRig/Content/Controls/ControlRig_Octagon_1mm.uexp" 259
"../../../Engine/Plugins/Animation/ControlRig/Content/Controls/ControlRig_Hexagon_solid.ubulk" 260
"../../../Engine/Plugins/Animation/ControlRig/Content/Controls/ControlRig_Hexagon_solid.uasset" 261
"../../../Engine/Plugins/Animation/ControlRig/Content/Controls/ControlRig_Hexagon_solid.uexp" 262
"../../../Engine/Plugins/Animation/ControlRig/Content/Controls/ControlRig_Hexagon_3mm.ubulk" 263
"../../../Engine/Plugins/Animation/ControlRig/Content/Controls/ControlRig_Hexagon_3mm.uasset" 264
"../../../Engine/Plugins/Animation/ControlRig/Content/Controls/ControlRig_Hexagon_3mm.uexp" 265
"../../../Engine/Plugins/Animation/ControlRig/Content/Controls/ControlRig_Hexagon_1mm.ubulk" 266
"../../../Engine/Plugins/Animation/ControlRig/Content/Controls/ControlRig_Hexagon_1mm.uasset" 267
"../../../Engine/Plugins/Animation/ControlRig/Content/Controls/ControlRig_Hexagon_1mm.uexp" 268
"../../../Engine/Plugins/Animation/ControlRig/Content/Controls/ControlRig_HalfCircle_solid.ubulk" 269
"../../../Engine/Plugins/Animation/ControlRig/Content/Controls/ControlRig_HalfCircle_solid.uasset" 270
"../../../Engine/Plugins/Animation/ControlRig/Content/Controls/ControlRig_HalfCircle_solid.uexp" 271
"../../../Engine/Plugins/Animation/ControlRig/Content/Controls/ControlRig_HalfCircle_3mm.ubulk" 272
"../../../Engine/Plugins/Animation/ControlRig/Content/Controls/ControlRig_HalfCircle_3mm.uasset" 273
"../../../Engine/Plugins/Animation/ControlRig/Content/Controls/ControlRig_HalfCircle_3mm.uexp" 274
"../../../Engine/Plugins/Animation/ControlRig/Content/Controls/ControlRig_HalfCircle_1mm.ubulk" 275
"../../../Engine/Plugins/Animation/ControlRig/Content/Controls/ControlRig_HalfCircle_1mm.uasset" 276
"../../../Engine/Plugins/Animation/ControlRig/Content/Controls/ControlRig_HalfCircle_1mm.uexp" 277
"../../../Engine/Plugins/Animation/ControlRig/Content/Controls/ControlRig_Diamond_solid.ubulk" 278
"../../../Engine/Plugins/Animation/ControlRig/Content/Controls/ControlRig_Diamond_solid.uasset" 279
"../../../Engine/Plugins/Animation/ControlRig/Content/Controls/ControlRig_Diamond_solid.uexp" 280
"../../../Engine/Plugins/Animation/ControlRig/Content/Controls/ControlRig_Diamond_3mm.ubulk" 281
"../../../Engine/Plugins/Animation/ControlRig/Content/Controls/ControlRig_Diamond_3mm.uasset" 282
"../../../Engine/Plugins/Animation/ControlRig/Content/Controls/ControlRig_Diamond_3mm.uexp" 283
"../../../Engine/Plugins/Animation/ControlRig/Content/Controls/ControlRig_Diamond_1mm.ubulk" 284
"../../../Engine/Plugins/Animation/ControlRig/Content/Controls/ControlRig_Diamond_1mm.uasset" 285
"../../../Engine/Plugins/Animation/ControlRig/Content/Controls/ControlRig_Diamond_1mm.uexp" 286
"../../../Engine/Plugins/Animation/ControlRig/Content/Controls/ControlRig_Circle_solid.ubulk" 287
"../../../Engine/Plugins/Animation/ControlRig/Content/Controls/ControlRig_Circle_solid.uasset" 288
"../../../Engine/Plugins/Animation/ControlRig/Content/Controls/ControlRig_Circle_solid.uexp" 289
"../../../Engine/Plugins/Animation/ControlRig/Content/Controls/ControlRig_Circle_3mm.ubulk" 290
"../../../Engine/Plugins/Animation/ControlRig/Content/Controls/ControlRig_Circle_3mm.uasset" 291
"../../../Engine/Plugins/Animation/ControlRig/Content/Controls/ControlRig_Circle_3mm.uexp" 292
"../../../Engine/Plugins/Animation/ControlRig/Content/Controls/ControlRig_Circle_1mm.ubulk" 293
"../../../Engine/Plugins/Animation/ControlRig/Content/Controls/ControlRig_Circle_1mm.uasset" 294
"../../../Engine/Plugins/Animation/ControlRig/Content/Controls/ControlRig_Circle_1mm.uexp" 295
"../../../Engine/Plugins/Animation/ControlRig/Content/Controls/ControlRig_Box_solid.ubulk" 296
"../../../Engine/Plugins/Animation/ControlRig/Content/Controls/ControlRig_Box_solid.uasset" 297
"../../../Engine/Plugins/Animation/ControlRig/Content/Controls/ControlRig_Box_solid.uexp" 298
"../../../Engine/Plugins/Animation/ControlRig/Content/Controls/ControlRig_Box_3mm.ubulk" 299
"../../../Engine/Plugins/Animation/ControlRig/Content/Controls/ControlRig_Box_3mm.uasset" 300
"../../../Engine/Plugins/Animation/ControlRig/Content/Controls/ControlRig_Box_3mm.uexp" 301
"../../../Engine/Plugins/Animation/ControlRig/Content/Controls/ControlRig_Box_1mm.ubulk" 302
"../../../Engine/Plugins/Animation/ControlRig/Content/Controls/ControlRig_Box_1mm.uasset" 303
"../../../Engine/Plugins/Animation/ControlRig/Content/Controls/ControlRig_Box_1mm.uexp" 304
"../../../Engine/Plugins/Animation/ControlRig/Content/Controls/ControlRig_Arrow_solid.ubulk" 305
"../../../Engine/Plugins/Animation/ControlRig/Content/Controls/ControlRig_Arrow_solid.uasset" 306
"../../../Engine/Plugins/Animation/ControlRig/Content/Controls/ControlRig_Arrow_solid.uexp" 307
"../../../Engine/Plugins/Animation/ControlRig/Content/Controls/ControlRig_Arrow_3mm.ubulk" 308
"../../../Engine/Plugins/Animation/ControlRig/Content/Controls/ControlRig_Arrow_3mm.uasset" 309
"../../../Engine/Plugins/Animation/ControlRig/Content/Controls/ControlRig_Arrow_3mm.uexp" 310
"../../../Engine/Plugins/Animation/ControlRig/Content/Controls/ControlRig_Arrow_1mm.ubulk" 311
"../../../Engine/Plugins/Animation/ControlRig/Content/Controls/ControlRig_Arrow_1mm.uasset" 312
"../../../Engine/Plugins/Animation/ControlRig/Content/Controls/ControlRig_Arrow_1mm.uexp" 313
"../../../Engine/Plugins/Animation/ControlRig/Content/Controls/ControlRig_Arrow4_solid.ubulk" 314
"../../../Engine/Plugins/Animation/ControlRig/Content/Controls/ControlRig_Arrow4_solid.uasset" 315
"../../../Engine/Plugins/Animation/ControlRig/Content/Controls/ControlRig_Arrow4_solid.uexp" 316
"../../../Engine/Plugins/Animation/ControlRig/Content/Controls/ControlRig_Arrow4_3mm.ubulk" 317
"../../../Engine/Plugins/Animation/ControlRig/Content/Controls/ControlRig_Arrow4_3mm.uasset" 318
"../../../Engine/Plugins/Animation/ControlRig/Content/Controls/ControlRig_Arrow4_3mm.uexp" 319
"../../../Engine/Plugins/Animation/ControlRig/Content/Controls/ControlRig_Arrow4_1mm.ubulk" 320
"../../../Engine/Plugins/Animation/ControlRig/Content/Controls/ControlRig_Arrow4_1mm.uasset" 321
"../../../Engine/Plugins/Animation/ControlRig/Content/Controls/ControlRig_Arrow4_1mm.uexp" 322
"../../../Engine/Plugins/Animation/ControlRig/Content/Controls/ControlRig_Arrow2_solid.ubulk" 323
"../../../Engine/Plugins/Animation/ControlRig/Content/Controls/ControlRig_Arrow2_solid.uasset" 324
"../../../Engine/Plugins/Animation/ControlRig/Content/Controls/ControlRig_Arrow2_solid.uexp" 325
"../../../Engine/Plugins/Animation/ControlRig/Content/Controls/ControlRig_Arrow2_3mm.ubulk" 326
"../../../Engine/Plugins/Animation/ControlRig/Content/Controls/ControlRig_Arrow2_3mm.uasset" 327
"../../../Engine/Plugins/Animation/ControlRig/Content/Controls/ControlRig_Arrow2_3mm.uexp" 328
"../../../Engine/Plugins/Animation/ControlRig/Content/Controls/ControlRig_Arrow2_1mm.ubulk" 329
"../../../Engine/Plugins/Animation/ControlRig/Content/Controls/ControlRig_Arrow2_1mm.uasset" 330
"../../../Engine/Plugins/Animation/ControlRig/Content/Controls/ControlRig_Arrow2_1mm.uexp" 331
"../../../Engine/Plugins/Animation/ControlRig/Content/Controls/ControlRigXRayMaterial.uasset" 332
"../../../Engine/Plugins/Animation/ControlRig/Content/Controls/ControlRigXRayMaterial.uexp" 333
"../../../Engine/Plugins/Animation/ControlRig/Content/Controls/ControlRigGizmoMaterial.uasset" 334
"../../../Engine/Plugins/Animation/ControlRig/Content/Controls/ControlRigGizmoMaterial.uexp" 335
"../../../Engine/Plugins/Animation/ACLPlugin/Content/ACLAnimCurveCompressionSettings.uasset" 336
"../../../Engine/Plugins/Animation/ACLPlugin/Content/ACLAnimCurveCompressionSettings.uexp" 337
"../../../Engine/Plugins/Animation/ACLPlugin/Content/ACLAnimBoneCompressionSettings.uasset" 338
"../../../Engine/Plugins/Animation/ACLPlugin/Content/ACLAnimBoneCompressionSettings.uexp" 339
"../../../Engine/Plugins/2D/Paper2D/Content/PlaceholderTextures/DummySpriteTexture.ubulk" 340
"../../../Engine/Plugins/2D/Paper2D/Content/PlaceholderTextures/DummySpriteTexture.uasset" 341
"../../../Engine/Plugins/2D/Paper2D/Content/PlaceholderTextures/DummySpriteTexture.uexp" 342
"../../../Engine/Plugins/2D/Paper2D/Content/DefaultSpriteMaterial.uasset" 343
"../../../Engine/Plugins/2D/Paper2D/Content/DefaultSpriteMaterial.uexp" 344
"../../../Engine/Plugins/2D/Paper2D/Content/OpaqueUnlitSpriteMaterial.uasset" 345
"../../../Engine/Plugins/2D/Paper2D/Content/OpaqueUnlitSpriteMaterial.uexp" 346
"../../../Engine/Plugins/2D/Paper2D/Content/MaskedUnlitSpriteMaterial.uasset" 347
"../../../Engine/Plugins/2D/Paper2D/Content/MaskedUnlitSpriteMaterial.uexp" 348
"../../../Engine/Plugins/2D/Paper2D/Content/DummySprite.uasset" 349
"../../../Engine/Plugins/2D/Paper2D/Content/DummySprite.uexp" 350
"../../../Engine/Plugins/2D/Paper2D/Content/DefaultPaperTerrainMaterial.uasset" 351
"../../../Engine/Plugins/2D/Paper2D/Content/DefaultPaperTerrainMaterial.uexp" 352
"../../../Engine/Content/VREditor/TransformGizmo/StartRotationHandleIndicator.ubulk" 353
"../../../Engine/Content/VREditor/TransformGizmo/StartRotationHandleIndicator.uasset" 354
"../../../Engine/Content/VREditor/TransformGizmo/StartRotationHandleIndicator.uexp" 355
"../../../Engine/Content/VREditor/Sounds/UI/Drop_Item_From_ContentBrowser.ubulk" 356
"../../../Engine/Content/VREditor/Sounds/UI/Drop_Item_From_ContentBrowser.uasset" 357
"../../../Engine/Content/VREditor/Sounds/UI/Drop_Item_From_ContentBrowser.uexp" 358
"../../../Engine/Content/VREditor/TransformGizmo/PlaneTranslationHandle.ubulk" 359
"../../../Engine/Content/VREditor/TransformGizmo/PlaneTranslationHandle.uasset" 360
"../../../Engine/Content/VREditor/TransformGizmo/PlaneTranslationHandle.uexp" 361
"../../../Engine/Content/VREditor/Sounds/UI/Object_Snaps_To_Grid.ubulk" 362
"../../../Engine/Content/VREditor/Sounds/UI/Object_Snaps_To_Grid.uasset" 363
"../../../Engine/Content/VREditor/Sounds/UI/Object_Snaps_To_Grid.uexp" 364
"../../../Engine/Content/VREditor/Sounds/UI/Selection_Changes.ubulk" 365
"../../../Engine/Content/VREditor/Sounds/UI/Selection_Changes.uasset" 366
"../../../Engine/Content/VREditor/Sounds/UI/Selection_Changes.uexp" 367
"../../../Engine/Content/VREditor/Sounds/UI/Object_Snaps_To_Another_Actor.ubulk" 368
"../../../Engine/Content/VREditor/Sounds/UI/Object_Snaps_To_Another_Actor.uasset" 369
"../../../Engine/Content/VREditor/Sounds/UI/Object_Snaps_To_Another_Actor.uexp" 370
"../../../Engine/Content/VREditor/TransformGizmo/TranslucentTransformGizmoMaterial_Inst.uasset" 371
"../../../Engine/Content/VREditor/TransformGizmo/TranslucentTransformGizmoMaterial_Inst.uexp" 372
"../../../Engine/Content/VREditor/TransformGizmo/TransformGizmoFreeRotation.ubulk" 373
"../../../Engine/Content/VREditor/TransformGizmo/TransformGizmoFreeRotation.uasset" 374
"../../../Engine/Content/VREditor/TransformGizmo/TransformGizmoFreeRotation.uexp" 375
"../../../Engine/Content/VREditor/Sounds/UI/Scaling_Down.ubulk" 376
"../../../Engine/Content/VREditor/Sounds/UI/Scaling_Down.uasset" 377
"../../../Engine/Content/VREditor/Sounds/UI/Scaling_Down.uexp" 378
"../../../Engine/Content/Functions/Engine_MaterialFunctions02/Math/Transform3x3Matrix.uasset" 379
"../../../Engine/Content/Functions/Engine_MaterialFunctions02/Math/Transform3x3Matrix.uexp" 380
"../../../Engine/Content/Functions/Engine_MaterialFunctions02/SplitComponents.uasset" 381
"../../../Engine/Content/Functions/Engine_MaterialFunctions02/SplitComponents.uexp" 382
"../../../Engine/Content/Functions/Engine_MaterialFunctions02/Utility/MakeFloat3.uasset" 383
"../../../Engine/Content/Functions/Engine_MaterialFunctions02/Utility/MakeFloat3.uexp" 384
"../../../Engine/Content/VREditor/SnapGrid/SnapGridMaterial.uasset" 385
"../../../Engine/Content/VREditor/SnapGrid/SnapGridMaterial.uexp" 386
"../../../Engine/Content/VREditor/SnapGrid/SnapGridPlaneMesh.ubulk" 387
"../../../Engine/Content/VREditor/SnapGrid/SnapGridPlaneMesh.uasset" 388
"../../../Engine/Content/VREditor/SnapGrid/SnapGridPlaneMesh.uexp" 389
"../../../Engine/Content/VREditor/Sounds/UI/Scaling_Up.ubulk" 390
"../../../Engine/Content/VREditor/Sounds/UI/Scaling_Up.uasset" 391
"../../../Engine/Content/VREditor/Sounds/UI/Scaling_Up.uexp" 392
"../../../Engine/Content/VREditor/TransformGizmo/TransformGizmoMaterial_Inst.uasset" 393
"../../../Engine/Content/VREditor/TransformGizmo/TransformGizmoMaterial_Inst.uexp" 394
"../../../Engine/Content/VREditor/Sounds/UI/Gizmo_Handle_Clicked.ubulk" 395
"../../../Engine/Content/VREditor/Sounds/UI/Gizmo_Handle_Clicked.uasset" 396
"../../../Engine/Content/VREditor/Sounds/UI/Gizmo_Handle_Clicked.uexp" 397
"../../../Engine/Content/VREditor/TransformGizmo/RotationHandleQuarter.ubulk" 398
"../../../Engine/Content/VREditor/TransformGizmo/RotationHandleQuarter.uasset" 399
"../../../Engine/Content/VREditor/TransformGizmo/RotationHandleQuarter.uexp" 400
"../../../Engine/Content/VREditor/TransformGizmo/TranslateArrowHandle.ubulk" 401
"../../../Engine/Content/VREditor/TransformGizmo/TranslateArrowHandle.uasset" 402
"../../../Engine/Content/VREditor/TransformGizmo/TranslateArrowHandle.uexp" 403
"../../../Engine/Content/VREditor/TransformGizmo/RotationHandleIndicator.ubulk" 404
"../../../Engine/Content/VREditor/TransformGizmo/RotationHandleIndicator.uasset" 405
"../../../Engine/Content/VREditor/TransformGizmo/RotationHandleIndicator.uexp" 406
"../../../Engine/Content/VREditor/TransformGizmo/UniformScaleHandle.ubulk" 407
"../../../Engine/Content/VREditor/TransformGizmo/UniformScaleHandle.uasset" 408
"../../../Engine/Content/VREditor/TransformGizmo/UniformScaleHandle.uexp" 409
"../../../Engine/Content/VREditor/TransformGizmo/RotationHandleFull.ubulk" 410
"../../../Engine/Content/VREditor/TransformGizmo/RotationHandleFull.uasset" 411
"../../../Engine/Content/VREditor/TransformGizmo/RotationHandleFull.uexp" 412
"../../../Engine/Content/VREditor/Sounds/UI/Object_PickUp.ubulk" 413
"../../../Engine/Content/VREditor/Sounds/UI/Object_PickUp.uasset" 414
"../../../Engine/Content/VREditor/Sounds/UI/Object_PickUp.uexp" 415
"../../../Engine/Content/EngineSounds/Master.uasset" 416
"../../../Engine/Content/EngineSounds/Master.uexp" 417
"../../../Engine/Content/EngineResources/WhiteSquareTexture.uasset" 418
"../../../Engine/Content/EngineResources/WhiteSquareTexture.uexp" 419
"../../../Engine/Content/EngineMaterials/Widget3DPassThrough.uasset" 420
"../../../Engine/Content/EngineMaterials/Widget3DPassThrough.uexp" 421
"../../../Engine/Content/EngineMaterials/Widget3DPassThrough_Translucent.uasset" 422
"../../../Engine/Content/EngineMaterials/Widget3DPassThrough_Translucent.uexp" 423
"../../../Engine/Content/EngineMaterials/Widget3DPassThrough_Translucent_OneSided.uasset" 424
"../../../Engine/Content/EngineMaterials/Widget3DPassThrough_Translucent_OneSided.uexp" 425
"../../../Engine/Content/EngineMaterials/Widget3DPassThrough_Opaque.uasset" 426
"../../../Engine/Content/EngineMaterials/Widget3DPassThrough_Opaque.uexp" 427
"../../../Engine/Content/EngineMaterials/Widget3DPassThrough_Opaque_OneSided.uasset" 428
"../../../Engine/Content/EngineMaterials/Widget3DPassThrough_Opaque_OneSided.uexp" 429
"../../../Engine/Content/EngineMaterials/Widget3DPassThrough_Masked_OneSided.uasset" 430
"../../../Engine/Content/EngineMaterials/Widget3DPassThrough_Masked_OneSided.uexp" 431
"../../../Engine/Content/EngineMaterials/Widget3DPassThrough_Masked.uasset" 432
"../../../Engine/Content/EngineMaterials/Widget3DPassThrough_Masked.uexp" 433
"../../../Engine/Content/EngineMaterials/STBlueNoise_vec2_128x128x64.uasset" 434
"../../../Engine/Content/EngineMaterials/STBlueNoise_vec2_128x128x64.uexp" 435
"../../../Engine/Content/EngineMaterials/STBlueNoise_scalar_128x128x64.uasset" 436
"../../../Engine/Content/EngineMaterials/STBlueNoise_scalar_128x128x64.uexp" 437
"../../../Engine/Content/EngineMaterials/RemoveSurfaceMaterial.uasset" 438
"../../../Engine/Content/EngineMaterials/RemoveSurfaceMaterial.uexp" 439
"../../../Engine/Content/EngineMaterials/DefaultCalibrationGrayscale.uasset" 440
"../../../Engine/Content/EngineMaterials/DefaultCalibrationGrayscale.uexp" 441
"../../../Engine/Content/EngineMaterials/PPM_DefaultCalibrationGrayscale.uasset" 442
"../../../Engine/Content/EngineMaterials/PPM_DefaultCalibrationGrayscale.uexp" 443
"../../../Engine/Content/EngineMaterials/DefaultCalibrationColor.uasset" 444
"../../../Engine/Content/EngineMaterials/DefaultCalibrationColor.uexp" 445
"../../../Engine/Content/EngineMaterials/PPM_DefaultCalibrationColor.uasset" 446
"../../../Engine/Content/EngineMaterials/PPM_DefaultCalibrationColor.uexp" 447
"../../../Engine/Content/EngineMaterials/PhAT_JointLimitMaterial.uasset" 448
"../../../Engine/Content/EngineMaterials/PhAT_JointLimitMaterial.uexp" 449
"../../../Engine/Content/EngineMaterials/NaniteHiddenSectionMaterial.uasset" 450
"../../../Engine/Content/EngineMaterials/NaniteHiddenSectionMaterial.uexp" 451
"../../../Engine/Content/EngineMaterials/InvalidLightmapSettings.ubulk" 452
"../../../Engine/Content/EngineMaterials/InvalidLightmapSettings.uasset" 453
"../../../Engine/Content/EngineMaterials/InvalidLightmapSettings.uexp" 454
"../../../Engine/Content/EngineMaterials/M_InvalidLightmapSettings.uasset" 455
"../../../Engine/Content/EngineMaterials/M_InvalidLightmapSettings.uexp" 456
"../../../Engine/Content/EngineMaterials/GizmoMaterial.uasset" 457
"../../../Engine/Content/EngineMaterials/GizmoMaterial.uexp" 458
"../../../Engine/Content/EngineMaterials/BaseFlattenEmissiveMap_VT.uasset" 459
"../../../Engine/Content/EngineMaterials/BaseFlattenEmissiveMap_VT.uexp" 460
"../../../Engine/Content/EngineMaterials/BaseFlattenGrayscaleMap_VT.uasset" 461
"../../../Engine/Content/EngineMaterials/BaseFlattenGrayscaleMap_VT.uexp" 462
"../../../Engine/Content/EngineMaterials/BaseFlattenLinearColor_VT.uasset" 463
"../../../Engine/Content/EngineMaterials/BaseFlattenLinearColor_VT.uexp" 464
"../../../Engine/Content/EngineMaterials/Black_1x1_EXR_Texture_VT.uasset" 465
"../../../Engine/Content/EngineMaterials/Black_1x1_EXR_Texture_VT.uexp" 466
"../../../Engine/Content/EngineMaterials/BaseFlattenDiffuseMap_VT.uasset" 467
"../../../Engine/Content/EngineMaterials/BaseFlattenDiffuseMap_VT.uexp" 468
"../../../Engine/Content/EngineMaterials/BaseFlattenNormalMap_VT.uasset" 469
"../../../Engine/Content/EngineMaterials/BaseFlattenNormalMap_VT.uexp" 470
"../../../Engine/Content/EngineMaterials/FlattenMaterial_WS_Normal_VT.uasset" 471
"../../../Engine/Content/EngineMaterials/FlattenMaterial_WS_Normal_VT.uexp" 472
"../../../Engine/Content/EngineMaterials/FlattenMaterial_VT.uasset" 473
"../../../Engine/Content/EngineMaterials/FlattenMaterial_VT.uexp" 474
"../../../Engine/Content/EngineMaterials/BaseFlattenNormalMap.uasset" 475
"../../../Engine/Content/EngineMaterials/BaseFlattenNormalMap.uexp" 476
"../../../Engine/Content/EngineMaterials/BaseFlattenGrayscaleMap.uasset" 477
"../../../Engine/Content/EngineMaterials/BaseFlattenGrayscaleMap.uexp" 478
"../../../Engine/Content/EngineMaterials/BaseFlattenDiffuseMap.uasset" 479
"../../../Engine/Content/EngineMaterials/BaseFlattenDiffuseMap.uexp" 480
"../../../Engine/Content/Functions/Engine_MaterialFunctions02/PivotPainter2/Black_1x1_EXR_Texture.uasset" 481
"../../../Engine/Content/Functions/Engine_MaterialFunctions02/PivotPainter2/Black_1x1_EXR_Texture.uexp" 482
"../../../Engine/Content/EngineMaterials/BaseFlattenEmissiveMap.uasset" 483
"../../../Engine/Content/EngineMaterials/BaseFlattenEmissiveMap.uexp" 484
"../../../Engine/Content/EngineMaterials/BaseFlattenLinearColor.uasset" 485
"../../../Engine/Content/EngineMaterials/BaseFlattenLinearColor.uexp" 486
"../../../Engine/Content/EngineMaterials/FlattenMaterial.uasset" 487
"../../../Engine/Content/EngineMaterials/FlattenMaterial.uexp" 488
"../../../Engine/Content/EngineMaterials/DefaultWhiteGrid_Low.uasset" 489
"../../../Engine/Content/EngineMaterials/DefaultWhiteGrid_Low.uexp" 490
"../../../Engine/Content/EngineMaterials/EmissiveMeshMaterial.uasset" 491
"../../../Engine/Content/EngineMaterials/EmissiveMeshMaterial.uexp" 492
"../../../Engine/Content/EngineFonts/RobotoDistanceField.uasset" 493
"../../../Engine/Content/EngineFonts/RobotoDistanceField.uexp" 494
"../../../Engine/Content/EngineMaterials/DefaultTextMaterialOpaque.uasset" 495
"../../../Engine/Content/EngineMaterials/DefaultTextMaterialOpaque.uexp" 496
"../../../Engine/Content/EngineMaterials/DefaultDiffuse.ubulk" 497
"../../../Engine/Content/EngineMaterials/DefaultDiffuse.uasset" 498
"../../../Engine/Content/EngineMaterials/DefaultDiffuse.uexp" 499
"../../../Engine/Content/Functions/Engine_MaterialFunctions02/Utility/BreakOutFloat2Components.uasset" 500
"../../../Engine/Content/Functions/Engine_MaterialFunctions02/Utility/BreakOutFloat2Components.uexp" 501
"../../../Engine/Content/EngineMaterials/DefaultPostProcessMaterial.uasset" 502
"../../../Engine/Content/EngineMaterials/DefaultPostProcessMaterial.uexp" 503
"../../../Engine/Content/EngineMaterials/DefaultPhysicalMaterial.uasset" 504
"../../../Engine/Content/EngineMaterials/DefaultPhysicalMaterial.uexp" 505
"../../../Engine/Content/EngineMaterials/DefaultLightFunctionMaterial.uasset" 506
"../../../Engine/Content/EngineMaterials/DefaultLightFunctionMaterial.uexp" 507
"../../../Engine/Content/EngineMaterials/DefaultDestructiblePhysicalMaterial.uasset" 508
"../../../Engine/Content/EngineMaterials/DefaultDestructiblePhysicalMaterial.uexp" 509
"../../../Engine/Content/EngineMaterials/DefaultDeferredDecalMaterial.uasset" 510
"../../../Engine/Content/EngineMaterials/DefaultDeferredDecalMaterial.uexp" 511
"../../../Engine/Content/EngineMaterials/DefaultBloomKernel.uasset" 512
"../../../Engine/Content/EngineMaterials/DefaultBloomKernel.uexp" 513
"../../../Engine/Content/EngineFonts/Faces/RobotoLight.uexp" 514
"../../../Engine/Content/EngineFonts/Faces/RobotoLight.uasset" 515
"../../../Engine/Content/EngineFonts/Faces/RobotoLight.ufont" 516
"../../../Engine/Content/EngineFonts/Faces/RobotoBold.uexp" 517
"../../../Engine/Content/EngineFonts/Faces/RobotoBold.uasset" 518
"../../../Engine/Content/EngineFonts/Faces/RobotoBold.ufont" 519
"../../../Engine/Content/EngineFonts/Faces/RobotoRegular.uexp" 520
"../../../Engine/Content/EngineFonts/Faces/RobotoRegular.uasset" 521
"../../../Engine/Content/EngineFonts/Faces/RobotoRegular.ufont" 522
"../../../Engine/Content/EngineFonts/Faces/DroidSansFallback.uexp" 523
"../../../Engine/Content/EngineFonts/Faces/DroidSansFallback.uasset" 524
"../../../Engine/Content/EngineFonts/Faces/DroidSansFallback.ufont" 525
"../../../Engine/Content/EngineFonts/Faces/RobotoItalic.uexp" 526
"../../../Engine/Content/EngineFonts/Faces/RobotoItalic.uasset" 527
"../../../Engine/Content/EngineFonts/Faces/RobotoItalic.ufont" 528
"../../../Engine/Content/EngineFonts/Faces/RobotoBoldItalic.uexp" 529
"../../../Engine/Content/EngineFonts/Faces/RobotoBoldItalic.uasset" 530
"../../../Engine/Content/EngineFonts/Faces/RobotoBoldItalic.ufont" 531
"../../../Engine/Content/EngineFonts/Roboto.uasset" 532
"../../../Engine/Content/EngineFonts/Roboto.uexp" 533
"../../../Engine/Content/EngineDebugMaterials/VolumeToRender.uasset" 534
"../../../Engine/Content/EngineDebugMaterials/VolumeToRender.uexp" 535
"../../../Engine/Content/EngineDebugMaterials/M_VolumeRenderSphereTracePP.uasset" 536
"../../../Engine/Content/EngineDebugMaterials/M_VolumeRenderSphereTracePP.uexp" 537
"../../../Engine/Content/EngineDebugMaterials/M_SimpleUnlitTranslucent.uasset" 538
"../../../Engine/Content/EngineDebugMaterials/M_SimpleUnlitTranslucent.uexp" 539
"../../../Engine/Content/EngineDebugMaterials/DebugMeshMaterial.uasset" 540
"../../../Engine/Content/EngineDebugMaterials/DebugMeshMaterial.uexp" 541
"../../../Engine/Content/EngineDebugMaterials/DebugEditorMaterial.uasset" 542
"../../../Engine/Content/EngineDebugMaterials/DebugEditorMaterial.uexp" 543
"../../../Engine/Content/EngineDamageTypes/DmgTypeBP_Environmental.uasset" 544
"../../../Engine/Content/EngineDamageTypes/DmgTypeBP_Environmental.uexp" 545
"../../../Engine/Content/EditorResources/S_Terrain.ubulk" 546
"../../../Engine/Content/EditorResources/S_Terrain.uasset" 547
"../../../Engine/Content/EditorResources/S_Terrain.uexp" 548
"../../../Engine/Content/EditorResources/EmptyActor.uasset" 549
"../../../Engine/Content/EditorResources/EmptyActor.uexp" 550
"../../../Engine/Content/EditorResources/BSPVertex.uasset" 551
"../../../Engine/Content/EditorResources/BSPVertex.uexp" 552
"../../../Engine/Content/EditorMaterials/PreviewShadowIndicator.ubulk" 553
"../../../Engine/Content/EditorMaterials/PreviewShadowIndicator.uasset" 554
"../../../Engine/Content/EditorMaterials/PreviewShadowIndicator.uexp" 555
"../../../Engine/Content/EditorMaterials/PreviewShadowIndicatorMaterial.uasset" 556
"../../../Engine/Content/EditorMaterials/PreviewShadowIndicatorMaterial.uexp" 557
"../../../Engine/Content/EditorMaterials/PhAT_UnselectedMaterial.uasset" 558
"../../../Engine/Content/EditorMaterials/PhAT_UnselectedMaterial.uexp" 559
"../../../Engine/Content/EditorMaterials/PhAT_NoCollisionMaterial.uasset" 560
"../../../Engine/Content/EditorMaterials/PhAT_NoCollisionMaterial.uexp" 561
"../../../Engine/Content/EditorLandscapeResources/DefaultAlphaTexture.uasset" 562
"../../../Engine/Content/EditorLandscapeResources/DefaultAlphaTexture.uexp" 563
"../../../Engine/Content/EditorLandscapeResources/DataLayer.uasset" 564
"../../../Engine/Content/EditorLandscapeResources/DataLayer.uexp" 565
"../../../Engine/Content/EngineMaterials/DefaultMaterial.uasset" 566
"../../../Engine/Content/EngineMaterials/DefaultMaterial.uexp" 567
"../../../Engine/Content/BasicShapes/Sphere.ubulk" 568
"../../../Engine/Content/BasicShapes/Sphere.uasset" 569
"../../../Engine/Content/BasicShapes/Sphere.uexp" 570
"../../../Engine/Content/BasicShapes/Plane.ubulk" 571
"../../../Engine/Content/BasicShapes/Plane.uasset" 572
"../../../Engine/Content/BasicShapes/Plane.uexp" 573
"../../../Engine/Content/BasicShapes/Cylinder.ubulk" 574
"../../../Engine/Content/BasicShapes/Cylinder.uasset" 575
"../../../Engine/Content/BasicShapes/Cylinder.uexp" 576
"../../../Engine/Content/BasicShapes/Cube.ubulk" 577
"../../../Engine/Content/BasicShapes/Cube.uasset" 578
"../../../Engine/Content/BasicShapes/Cube.uexp" 579
"../../../Engine/Content/BasicShapes/Cone.ubulk" 580
"../../../Engine/Content/BasicShapes/Cone.uasset" 581
"../../../Engine/Content/BasicShapes/Cone.uexp" 582
"../../../Engine/Content/BasicShapes/BasicShapeMaterial.uasset" 583
"../../../Engine/Content/BasicShapes/BasicShapeMaterial.uexp" 584
"../../../Engine/Content/Functions/Engine_MaterialFunctions02/Math/AddComponents.uasset" 585
"../../../Engine/Content/Functions/Engine_MaterialFunctions02/Math/AddComponents.uexp" 586
"../../../Engine/Content/Functions/Engine_MaterialFunctions01/Texturing/FlattenNormal.uasset" 587
"../../../Engine/Content/Functions/Engine_MaterialFunctions01/Texturing/FlattenNormal.uexp" 588
"../../../Engine/Content/EngineSky/VolumetricClouds/CloudWeatherTexture.uasset" 589
"../../../Engine/Content/EngineSky/VolumetricClouds/CloudWeatherTexture.uexp" 590
"../../../Engine/Content/Functions/Engine_MaterialFunctions02/Utility/MakeFloat2.uasset" 591
"../../../Engine/Content/Functions/Engine_MaterialFunctions02/Utility/MakeFloat2.uexp" 592
"../../../Engine/Content/EngineSky/VolumetricClouds/CloudGradientTexture.uasset" 593
"../../../Engine/Content/EngineSky/VolumetricClouds/CloudGradientTexture.uexp" 594
"../../../Engine/Content/EngineSky/VolumetricClouds/T_NoiseShape64.ubulk" 595
"../../../Engine/Content/EngineSky/VolumetricClouds/T_NoiseShape64.uasset" 596
"../../../Engine/Content/EngineSky/VolumetricClouds/T_NoiseShape64.uexp" 597
"../../../Engine/Content/EngineSky/VolumetricClouds/T_VolumeNoiseShape64.uasset" 598
"../../../Engine/Content/EngineSky/VolumetricClouds/T_VolumeNoiseShape64.uexp" 599
"../../../Engine/Content/EngineSky/VolumetricClouds/T_NoiseErosion.ubulk" 600
"../../../Engine/Content/EngineSky/VolumetricClouds/T_NoiseErosion.uasset" 601
"../../../Engine/Content/EngineSky/VolumetricClouds/T_NoiseErosion.uexp" 602
"../../../Engine/Content/EngineSky/VolumetricClouds/T_VolumeNoiseErosion32.uasset" 603
"../../../Engine/Content/EngineSky/VolumetricClouds/T_VolumeNoiseErosion32.uexp" 604
"../../../Engine/Content/EngineSky/VolumetricClouds/m_SimpleVolumetricCloud.uasset" 605
"../../../Engine/Content/EngineSky/VolumetricClouds/m_SimpleVolumetricCloud.uexp" 606
"../../../Engine/Content/EngineSky/VolumetricClouds/m_SimpleVolumetricCloud_Inst.uasset" 607
"../../../Engine/Content/EngineSky/VolumetricClouds/m_SimpleVolumetricCloud_Inst.uexp" 608
"../../../Engine/Content/EngineResources/FilmGrains/Marcie_Grain_v3_128_M2_000.uasset" 609
"../../../Engine/Content/EngineResources/FilmGrains/Marcie_Grain_v3_128_M2_000.uexp" 610
"../../../Engine/Content/EditorResources/SequenceRecorder/RecordingIndicator.uasset" 611
"../../../Engine/Content/EditorResources/SequenceRecorder/RecordingIndicator.uexp" 612
"../../../Engine/Content/EditorResources/SequenceRecorder/Countdown.uasset" 613
"../../../Engine/Content/EditorResources/SequenceRecorder/Countdown.uexp" 614
"../../../Engine/Content/EditorMaterials/Dataflow/DataflowVertexMaterial.uasset" 615
"../../../Engine/Content/EditorMaterials/Dataflow/DataflowVertexMaterial.uexp" 616
"C:/Users/admin/Documents/GitHub/PillowFight/Content/LevelPrototyping/Textures/T_GridChecker_A.ubulk" 617
"C:/Users/admin/Documents/GitHub/PillowFight/Content/LevelPrototyping/Textures/T_GridChecker_A.uasset" 618
"C:/Users/admin/Documents/GitHub/PillowFight/Content/LevelPrototyping/Textures/T_GridChecker_A.uexp" 619
"../../../Engine/Content/Functions/Engine_MaterialFunctions01/Gradient/LinearGradient.uasset" 620
"../../../Engine/Content/Functions/Engine_MaterialFunctions01/Gradient/LinearGradient.uexp" 621
"../../../Engine/Content/Functions/Engine_MaterialFunctions01/ImageAdjustment/CheapContrast.uasset" 622
"../../../Engine/Content/Functions/Engine_MaterialFunctions01/ImageAdjustment/CheapContrast.uexp" 623
"C:/Users/admin/Documents/GitHub/PillowFight/Content/LevelPrototyping/Materials/MF_ProcGrid.uasset" 624
"C:/Users/admin/Documents/GitHub/PillowFight/Content/LevelPrototyping/Materials/MF_ProcGrid.uexp" 625
"C:/Users/admin/Documents/GitHub/PillowFight/Content/LevelPrototyping/Materials/M_PrototypeGrid.uasset" 626
"C:/Users/admin/Documents/GitHub/PillowFight/Content/LevelPrototyping/Materials/M_PrototypeGrid.uexp" 627
"C:/Users/admin/Documents/GitHub/PillowFight/Content/LevelPrototyping/Materials/MI_PrototypeGrid_Gray.uasset" 628
"C:/Users/admin/Documents/GitHub/PillowFight/Content/LevelPrototyping/Materials/MI_PrototypeGrid_Gray.uexp" 629
"C:/Users/admin/Documents/GitHub/PillowFight/Content/LevelPrototyping/Meshes/SM_Cylinder.ubulk" 630
"C:/Users/admin/Documents/GitHub/PillowFight/Content/LevelPrototyping/Meshes/SM_Cylinder.uasset" 631
"C:/Users/admin/Documents/GitHub/PillowFight/Content/LevelPrototyping/Meshes/SM_Cylinder.uexp" 632
"C:/Users/admin/Documents/GitHub/PillowFight/Content/LevelPrototyping/Materials/MI_PrototypeGrid_Gray_02.uasset" 633
"C:/Users/admin/Documents/GitHub/PillowFight/Content/LevelPrototyping/Materials/MI_PrototypeGrid_Gray_02.uexp" 634
"C:/Users/admin/Documents/GitHub/PillowFight/Content/FPWeapon/Mesh/SK_FPGun_PhysicsAsset.uasset" 635
"C:/Users/admin/Documents/GitHub/PillowFight/Content/FPWeapon/Mesh/SK_FPGun_PhysicsAsset.uexp" 636
"../../../Engine/Content/MobileResources/HUD/VirtualJoystick_Background.uasset" 637
"../../../Engine/Content/MobileResources/HUD/VirtualJoystick_Background.uexp" 638
"../../../Engine/Content/MobileResources/HUD/VirtualJoystick_Thumb.uasset" 639
"../../../Engine/Content/MobileResources/HUD/VirtualJoystick_Thumb.uexp" 640
"C:/Users/admin/Documents/GitHub/PillowFight/Content/FirstPerson/Input/MobileControls.uasset" 641
"C:/Users/admin/Documents/GitHub/PillowFight/Content/FirstPerson/Input/MobileControls.uexp" 642
"../../../Engine/Content/Functions/Engine_MaterialFunctions01/Shading/PowerToRoughness.uasset" 643
"../../../Engine/Content/Functions/Engine_MaterialFunctions01/Shading/PowerToRoughness.uexp" 644
"../../../Engine/Content/Functions/Engine_MaterialFunctions01/Shading/ConvertFromDiffSpec.uasset" 645
"../../../Engine/Content/Functions/Engine_MaterialFunctions01/Shading/ConvertFromDiffSpec.uexp" 646
"../../../Engine/Content/EngineMaterials/Substrate/Volume/SubstrateSimpleVolumeLUT3D.uasset" 647
"../../../Engine/Content/EngineMaterials/Substrate/Volume/SubstrateSimpleVolumeLUT3D.uexp" 648
"../../../Engine/Content/EngineMaterials/Substrate/Volume/SubstrateSimpleVolumeEnvLUT3D.uasset" 649
"../../../Engine/Content/EngineMaterials/Substrate/Volume/SubstrateSimpleVolumeEnvLUT3D.uexp" 650
"../../../Engine/Content/EngineMaterials/Substrate/GLints2/AGlintTex2dArray2.uasset" 651
"../../../Engine/Content/EngineMaterials/Substrate/GLints2/AGlintTex2dArray2.uexp" 652
"../../../Engine/Content/EngineMaterials/Substrate/GLints/AGlintTex2dArray.uasset" 653
"../../../Engine/Content/EngineMaterials/Substrate/GLints/AGlintTex2dArray.uexp" 654
"C:/Users/admin/Documents/GitHub/PillowFight/Content/FPWeapon/Materials/MaterialLayers/T_ML_FineRubber.ubulk" 655
"C:/Users/admin/Documents/GitHub/PillowFight/Content/FPWeapon/Materials/MaterialLayers/T_ML_FineRubber.uasset" 656
"C:/Users/admin/Documents/GitHub/PillowFight/Content/FPWeapon/Materials/MaterialLayers/T_ML_FineRubber.uexp" 657
"C:/Users/admin/Documents/GitHub/PillowFight/Content/LevelPrototyping/Materials/M_Solid.uasset" 658
"C:/Users/admin/Documents/GitHub/PillowFight/Content/LevelPrototyping/Materials/M_Solid.uexp" 659
"C:/Users/admin/Documents/GitHub/PillowFight/Content/LevelPrototyping/Materials/MI_Solid_Blue.uasset" 660
"C:/Users/admin/Documents/GitHub/PillowFight/Content/LevelPrototyping/Materials/MI_Solid_Blue.uexp" 661
"C:/Users/admin/Documents/GitHub/PillowFight/Content/LevelPrototyping/Meshes/SM_ChamferCube.ubulk" 662
"C:/Users/admin/Documents/GitHub/PillowFight/Content/LevelPrototyping/Meshes/SM_ChamferCube.uasset" 663
"C:/Users/admin/Documents/GitHub/PillowFight/Content/LevelPrototyping/Meshes/SM_ChamferCube.uexp" 664
"C:/Users/admin/Documents/GitHub/PillowFight/Content/LevelPrototyping/Meshes/SM_Cube.ubulk" 665
"C:/Users/admin/Documents/GitHub/PillowFight/Content/LevelPrototyping/Meshes/SM_Cube.uasset" 666
"C:/Users/admin/Documents/GitHub/PillowFight/Content/LevelPrototyping/Meshes/SM_Cube.uexp" 667
"../../../Engine/Content/EngineSky/T_Sky_Stars.ubulk" 668
"../../../Engine/Content/EngineSky/T_Sky_Stars.uasset" 669
"../../../Engine/Content/EngineSky/T_Sky_Stars.uexp" 670
"../../../Engine/Content/EngineSky/T_Sky_Clouds_M.ubulk" 671
"../../../Engine/Content/EngineSky/T_Sky_Clouds_M.uasset" 672
"../../../Engine/Content/EngineSky/T_Sky_Clouds_M.uexp" 673
"../../../Engine/Content/EngineSky/T_Sky_Blue.ubulk" 674
"../../../Engine/Content/EngineSky/T_Sky_Blue.uasset" 675
"../../../Engine/Content/EngineSky/T_Sky_Blue.uexp" 676
"../../../Engine/Content/EngineSky/M_Sky_Panning_Clouds2.uasset" 677
"../../../Engine/Content/EngineSky/M_Sky_Panning_Clouds2.uexp" 678
"../../../Engine/Content/EngineSky/SM_SkySphere.ubulk" 679
"../../../Engine/Content/EngineSky/SM_SkySphere.uasset" 680
"../../../Engine/Content/EngineSky/SM_SkySphere.uexp" 681
"../../../Engine/Content/EngineSky/M_SimpleSkyDome.uasset" 682
"../../../Engine/Content/EngineSky/M_SimpleSkyDome.uexp" 683
"C:/Users/admin/Documents/GitHub/PillowFight/Content/LevelPrototyping/Meshes/SM_QuarterCylinder.ubulk" 684
"C:/Users/admin/Documents/GitHub/PillowFight/Content/LevelPrototyping/Meshes/SM_QuarterCylinder.uasset" 685
"C:/Users/admin/Documents/GitHub/PillowFight/Content/LevelPrototyping/Meshes/SM_QuarterCylinder.uexp" 686
"C:/Users/admin/Documents/GitHub/PillowFight/Content/LevelPrototyping/Materials/MI_PrototypeGrid_TopDark.uasset" 687
"C:/Users/admin/Documents/GitHub/PillowFight/Content/LevelPrototyping/Materials/MI_PrototypeGrid_TopDark.uexp" 688
"C:/Users/admin/Documents/GitHub/PillowFight/Content/LevelPrototyping/Meshes/SM_Ramp.ubulk" 689
"C:/Users/admin/Documents/GitHub/PillowFight/Content/LevelPrototyping/Meshes/SM_Ramp.uasset" 690
"C:/Users/admin/Documents/GitHub/PillowFight/Content/LevelPrototyping/Meshes/SM_Ramp.uexp" 691
"C:/Users/admin/Documents/GitHub/PillowFight/Content/FirstPerson/Input/Actions/IA_Shoot.uasset" 692
"C:/Users/admin/Documents/GitHub/PillowFight/Content/FirstPerson/Input/Actions/IA_Shoot.uexp" 693
"C:/Users/admin/Documents/GitHub/PillowFight/Content/FirstPerson/Input/IMC_Weapons.uasset" 694
"C:/Users/admin/Documents/GitHub/PillowFight/Content/FirstPerson/Input/IMC_Weapons.uexp" 695
"C:/Users/admin/Documents/GitHub/PillowFight/Content/FPWeapon/Mesh/SK_FPGun_Skeleton.uasset" 696
"C:/Users/admin/Documents/GitHub/PillowFight/Content/FPWeapon/Mesh/SK_FPGun_Skeleton.uexp" 697
"C:/Users/admin/Documents/GitHub/PillowFight/Content/FPWeapon/Materials/MaterialLayers/T_ML_Rubber_Blue_01_D.ubulk" 698
"C:/Users/admin/Documents/GitHub/PillowFight/Content/FPWeapon/Materials/MaterialLayers/T_ML_Rubber_Blue_01_D.uasset" 699
"C:/Users/admin/Documents/GitHub/PillowFight/Content/FPWeapon/Materials/MaterialLayers/T_ML_Rubber_Blue_01_D.uexp" 700
"C:/Users/admin/Documents/GitHub/PillowFight/Content/FPWeapon/Textures/T_FPGun_N.ubulk" 701
"C:/Users/admin/Documents/GitHub/PillowFight/Content/FPWeapon/Textures/T_FPGun_N.uasset" 702
"C:/Users/admin/Documents/GitHub/PillowFight/Content/FPWeapon/Textures/T_FPGun_N.uexp" 703
"../../../Engine/Content/Functions/Engine_MaterialFunctions02/Utility/BlendAngleCorrectedNormals.uasset" 704
"../../../Engine/Content/Functions/Engine_MaterialFunctions02/Utility/BlendAngleCorrectedNormals.uexp" 705
"../../../Engine/Content/Functions/MaterialLayerFunctions/MatLayerBlend_NormalBlend.uasset" 706
"../../../Engine/Content/Functions/MaterialLayerFunctions/MatLayerBlend_NormalBlend.uexp" 707
"C:/Users/admin/Documents/GitHub/PillowFight/Content/FPWeapon/Materials/MaterialLayers/T_ML_Rubber_Blue_01_N.ubulk" 708
"C:/Users/admin/Documents/GitHub/PillowFight/Content/FPWeapon/Materials/MaterialLayers/T_ML_Rubber_Blue_01_N.uasset" 709
"C:/Users/admin/Documents/GitHub/PillowFight/Content/FPWeapon/Materials/MaterialLayers/T_ML_Rubber_Blue_01_N.uexp" 710
"C:/Users/admin/Documents/GitHub/PillowFight/Content/FPWeapon/Materials/MaterialLayers/ML_Screen.uasset" 711
"C:/Users/admin/Documents/GitHub/PillowFight/Content/FPWeapon/Materials/MaterialLayers/ML_Screen.uexp" 712
"C:/Users/admin/Documents/GitHub/PillowFight/Content/FPWeapon/Materials/MaterialLayers/T_ML_Aluminum01_N.ubulk" 713
"C:/Users/admin/Documents/GitHub/PillowFight/Content/FPWeapon/Materials/MaterialLayers/T_ML_Aluminum01_N.uasset" 714
"C:/Users/admin/Documents/GitHub/PillowFight/Content/FPWeapon/Materials/MaterialLayers/T_ML_Aluminum01_N.uexp" 715
"C:/Users/admin/Documents/GitHub/PillowFight/Content/FPWeapon/Materials/MaterialLayers/T_ML_Aluminum01.ubulk" 716
"C:/Users/admin/Documents/GitHub/PillowFight/Content/FPWeapon/Materials/MaterialLayers/T_ML_Aluminum01.uasset" 717
"C:/Users/admin/Documents/GitHub/PillowFight/Content/FPWeapon/Materials/MaterialLayers/T_ML_Aluminum01.uexp" 718
"C:/Users/admin/Documents/GitHub/PillowFight/Content/FPWeapon/Materials/MaterialLayers/ML_SoftMetal_UE4.uasset" 719
"C:/Users/admin/Documents/GitHub/PillowFight/Content/FPWeapon/Materials/MaterialLayers/ML_SoftMetal_UE4.uexp" 720
"../../../Engine/Content/Functions/MaterialLayerFunctions/MatLayerBlend_Simple.uasset" 721
"../../../Engine/Content/Functions/MaterialLayerFunctions/MatLayerBlend_Simple.uexp" 722
"C:/Users/admin/Documents/GitHub/PillowFight/Content/FPWeapon/Textures/T_FPGun_M.ubulk" 723
"C:/Users/admin/Documents/GitHub/PillowFight/Content/FPWeapon/Textures/T_FPGun_M.uasset" 724
"C:/Users/admin/Documents/GitHub/PillowFight/Content/FPWeapon/Textures/T_FPGun_M.uexp" 725
"C:/Users/admin/Documents/GitHub/PillowFight/Content/FPWeapon/Materials/MaterialLayers/ML_Plastic_Shiny_Beige.uasset" 726
"C:/Users/admin/Documents/GitHub/PillowFight/Content/FPWeapon/Materials/MaterialLayers/ML_Plastic_Shiny_Beige.uexp" 727
"C:/Users/admin/Documents/GitHub/PillowFight/Content/FPWeapon/Materials/MaterialLayers/ML_GlossyBlack_Latex_UE4.uasset" 728
"C:/Users/admin/Documents/GitHub/PillowFight/Content/FPWeapon/Materials/MaterialLayers/ML_GlossyBlack_Latex_UE4.uexp" 729
"C:/Users/admin/Documents/GitHub/PillowFight/Content/FPWeapon/Materials/M_FPGun.uasset" 730
"C:/Users/admin/Documents/GitHub/PillowFight/Content/FPWeapon/Materials/M_FPGun.uexp" 731
"C:/Users/admin/Documents/GitHub/PillowFight/Content/FPWeapon/Mesh/SK_FPGun_Physics.uasset" 732
"C:/Users/admin/Documents/GitHub/PillowFight/Content/FPWeapon/Mesh/SK_FPGun_Physics.uexp" 733
"C:/Users/admin/Documents/GitHub/PillowFight/Content/FPWeapon/Mesh/SK_FPGun.uasset" 734
"C:/Users/admin/Documents/GitHub/PillowFight/Content/FPWeapon/Mesh/SK_FPGun.uexp" 735
"C:/Users/admin/Documents/GitHub/PillowFight/Content/FPWeapon/Audio/FirstPersonTemplateWeaponFire02.ubulk" 736
"C:/Users/admin/Documents/GitHub/PillowFight/Content/FPWeapon/Audio/FirstPersonTemplateWeaponFire02.uasset" 737
"C:/Users/admin/Documents/GitHub/PillowFight/Content/FPWeapon/Audio/FirstPersonTemplateWeaponFire02.uexp" 738
"C:/Users/admin/Documents/GitHub/PillowFight/Content/FPWeapon/Materials/BaseMaterial.uasset" 739
"C:/Users/admin/Documents/GitHub/PillowFight/Content/FPWeapon/Materials/BaseMaterial.uexp" 740
"C:/Users/admin/Documents/GitHub/PillowFight/Content/FPWeapon/Materials/FirstPersonProjectileMaterial.uasset" 741
"C:/Users/admin/Documents/GitHub/PillowFight/Content/FPWeapon/Materials/FirstPersonProjectileMaterial.uexp" 742
"C:/Users/admin/Documents/GitHub/PillowFight/Content/FPWeapon/Mesh/FirstPersonProjectileMesh.ubulk" 743
"C:/Users/admin/Documents/GitHub/PillowFight/Content/FPWeapon/Mesh/FirstPersonProjectileMesh.uasset" 744
"C:/Users/admin/Documents/GitHub/PillowFight/Content/FPWeapon/Mesh/FirstPersonProjectileMesh.uexp" 745
"C:/Users/admin/Documents/GitHub/PillowFight/Content/FirstPerson/Blueprints/BP_FirstPersonProjectile.uasset" 746
"C:/Users/admin/Documents/GitHub/PillowFight/Content/FirstPerson/Blueprints/BP_FirstPersonProjectile.uexp" 747
"../../../Engine/Content/Animation/DefaultAnimCurveCompressionSettings.uasset" 748
"../../../Engine/Content/Animation/DefaultAnimCurveCompressionSettings.uexp" 749
"../../../Engine/Content/Animation/DefaultAnimBoneCompressionSettings.uasset" 750
"../../../Engine/Content/Animation/DefaultAnimBoneCompressionSettings.uexp" 751
"C:/Users/admin/Documents/GitHub/PillowFight/Content/FirstPersonArms/Character/Mesh/SK_Mannequin_Arms_Skeleton.uasset" 752
"C:/Users/admin/Documents/GitHub/PillowFight/Content/FirstPersonArms/Character/Mesh/SK_Mannequin_Arms_Skeleton.uexp" 753
"C:/Users/admin/Documents/GitHub/PillowFight/Content/FirstPersonArms/Animations/FP_Rifle_Fire.uasset" 754
"C:/Users/admin/Documents/GitHub/PillowFight/Content/FirstPersonArms/Animations/FP_Rifle_Fire.uexp" 755
"C:/Users/admin/Documents/GitHub/PillowFight/Content/FirstPersonArms/Animations/FP_Rifle_Shoot_Montage.uasset" 756
"C:/Users/admin/Documents/GitHub/PillowFight/Content/FirstPersonArms/Animations/FP_Rifle_Shoot_Montage.uexp" 757
"C:/Users/admin/Documents/GitHub/PillowFight/Content/FirstPersonArms/Animations/FP_Rifle_Idle.uasset" 758
"C:/Users/admin/Documents/GitHub/PillowFight/Content/FirstPersonArms/Animations/FP_Rifle_Idle.uexp" 759
"C:/Users/admin/Documents/GitHub/PillowFight/Content/FirstPersonArms/Animations/FP_Rifle_Land.uasset" 760
"C:/Users/admin/Documents/GitHub/PillowFight/Content/FirstPersonArms/Animations/FP_Rifle_Land.uexp" 761
"C:/Users/admin/Documents/GitHub/PillowFight/Content/FirstPersonArms/Animations/FP_Rifle_Run.uasset" 762
"C:/Users/admin/Documents/GitHub/PillowFight/Content/FirstPersonArms/Animations/FP_Rifle_Run.uexp" 763
"C:/Users/admin/Documents/GitHub/PillowFight/Content/FirstPersonArms/Animations/FP_Rifle_Falling.uasset" 764
"C:/Users/admin/Documents/GitHub/PillowFight/Content/FirstPersonArms/Animations/FP_Rifle_Falling.uexp" 765
"../../../Engine/Content/Animation/DefaultRecorderBoneCompression.uasset" 766
"../../../Engine/Content/Animation/DefaultRecorderBoneCompression.uexp" 767
"C:/Users/admin/Documents/GitHub/PillowFight/Content/FirstPersonArms/Animations/FP_Idle.uasset" 768
"C:/Users/admin/Documents/GitHub/PillowFight/Content/FirstPersonArms/Animations/FP_Idle.uexp" 769
"C:/Users/admin/Documents/GitHub/PillowFight/Content/FirstPersonArms/Animations/FP_Jump.uasset" 770
"C:/Users/admin/Documents/GitHub/PillowFight/Content/FirstPersonArms/Animations/FP_Jump.uexp" 771
"C:/Users/admin/Documents/GitHub/PillowFight/Content/FirstPersonArms/Animations/FP_Run_Fwd.uasset" 772
"C:/Users/admin/Documents/GitHub/PillowFight/Content/FirstPersonArms/Animations/FP_Run_Fwd.uexp" 773
"C:/Users/admin/Documents/GitHub/PillowFight/Content/FirstPersonArms/Animations/FP_Land.uasset" 774
"C:/Users/admin/Documents/GitHub/PillowFight/Content/FirstPersonArms/Animations/FP_Land.uexp" 775
"C:/Users/admin/Documents/GitHub/PillowFight/Content/FirstPersonArms/Animations/FP_Falling.uasset" 776
"C:/Users/admin/Documents/GitHub/PillowFight/Content/FirstPersonArms/Animations/FP_Falling.uexp" 777
"../../../Engine/Content/Animation/DefaultVariableFrameStrippingSettings.uasset" 778
"../../../Engine/Content/Animation/DefaultVariableFrameStrippingSettings.uexp" 779
"C:/Users/admin/Documents/GitHub/PillowFight/Content/FirstPersonArms/Animations/FP_Rifle_Jump.uasset" 780
"C:/Users/admin/Documents/GitHub/PillowFight/Content/FirstPersonArms/Animations/FP_Rifle_Jump.uexp" 781
"C:/Users/admin/Documents/GitHub/PillowFight/Content/FirstPerson/Input/Actions/IA_Look.uasset" 782
"C:/Users/admin/Documents/GitHub/PillowFight/Content/FirstPerson/Input/Actions/IA_Look.uexp" 783
"C:/Users/admin/Documents/GitHub/PillowFight/Content/FirstPersonArms/Character/Textures/Manny/T_Manny_02_N.ubulk" 784
"C:/Users/admin/Documents/GitHub/PillowFight/Content/FirstPersonArms/Character/Textures/Manny/T_Manny_02_N.uasset" 785
"C:/Users/admin/Documents/GitHub/PillowFight/Content/FirstPersonArms/Character/Textures/Manny/T_Manny_02_N.uexp" 786
"C:/Users/admin/Documents/GitHub/PillowFight/Content/FirstPersonArms/Character/Textures/Manny/T_Manny_02_BN.ubulk" 787
"C:/Users/admin/Documents/GitHub/PillowFight/Content/FirstPersonArms/Character/Textures/Manny/T_Manny_02_BN.uasset" 788
"C:/Users/admin/Documents/GitHub/PillowFight/Content/FirstPersonArms/Character/Textures/Manny/T_Manny_02_BN.uexp" 789
"C:/Users/admin/Documents/GitHub/PillowFight/Content/FirstPersonArms/Character/Textures/Manny/T_Manny_02_ASAOPMASK_MSK.ubulk" 790
"C:/Users/admin/Documents/GitHub/PillowFight/Content/FirstPersonArms/Character/Textures/Manny/T_Manny_02_ASAOPMASK_MSK.uasset" 791
"C:/Users/admin/Documents/GitHub/PillowFight/Content/FirstPersonArms/Character/Textures/Manny/T_Manny_02_ASAOPMASK_MSK.uexp" 792
"C:/Users/admin/Documents/GitHub/PillowFight/Content/FirstPersonArms/Character/Textures/Manny/T_Manny_01_ASAOPMASK_MSK.ubulk" 793
"C:/Users/admin/Documents/GitHub/PillowFight/Content/FirstPersonArms/Character/Textures/Manny/T_Manny_01_ASAOPMASK_MSK.uasset" 794
"C:/Users/admin/Documents/GitHub/PillowFight/Content/FirstPersonArms/Character/Textures/Manny/T_Manny_01_ASAOPMASK_MSK.uexp" 795
"C:/Users/admin/Documents/GitHub/PillowFight/Content/FirstPersonArms/Character/Textures/Manny/T_Manny_01_CCRCCPlastic_MSK.ubulk" 796
"C:/Users/admin/Documents/GitHub/PillowFight/Content/FirstPersonArms/Character/Textures/Manny/T_Manny_01_CCRCCPlastic_MSK.uasset" 797
"C:/Users/admin/Documents/GitHub/PillowFight/Content/FirstPersonArms/Character/Textures/Manny/T_Manny_01_CCRCCPlastic_MSK.uexp" 798
"C:/Users/admin/Documents/GitHub/PillowFight/Content/FirstPersonArms/Character/Textures/Manny/T_Manny_01_Tan.ubulk" 799
"C:/Users/admin/Documents/GitHub/PillowFight/Content/FirstPersonArms/Character/Textures/Manny/T_Manny_01_Tan.uasset" 800
"C:/Users/admin/Documents/GitHub/PillowFight/Content/FirstPersonArms/Character/Textures/Manny/T_Manny_01_Tan.uexp" 801
"C:/Users/admin/Documents/GitHub/PillowFight/Content/FirstPersonArms/Character/Textures/Manny/T_Manny_01_BN.ubulk" 802
"C:/Users/admin/Documents/GitHub/PillowFight/Content/FirstPersonArms/Character/Textures/Manny/T_Manny_01_BN.uasset" 803
"C:/Users/admin/Documents/GitHub/PillowFight/Content/FirstPersonArms/Character/Textures/Manny/T_Manny_01_BN.uexp" 804
"C:/Users/admin/Documents/GitHub/PillowFight/Content/FirstPersonArms/Character/Textures/Manny/T_Manny_01_MSR_MSK.ubulk" 805
"C:/Users/admin/Documents/GitHub/PillowFight/Content/FirstPersonArms/Character/Textures/Manny/T_Manny_01_MSR_MSK.uasset" 806
"C:/Users/admin/Documents/GitHub/PillowFight/Content/FirstPersonArms/Character/Textures/Manny/T_Manny_01_MSR_MSK.uexp" 807
"C:/Users/admin/Documents/GitHub/PillowFight/Content/FirstPersonArms/Character/Textures/Manny/T_Manny_01_N.ubulk" 808
"C:/Users/admin/Documents/GitHub/PillowFight/Content/FirstPersonArms/Character/Textures/Manny/T_Manny_01_N.uasset" 809
"C:/Users/admin/Documents/GitHub/PillowFight/Content/FirstPersonArms/Character/Textures/Manny/T_Manny_01_N.uexp" 810
"C:/Users/admin/Documents/GitHub/PillowFight/Content/FirstPersonArms/Character/Textures/Manny/T_Manny_01_D.ubulk" 811
"C:/Users/admin/Documents/GitHub/PillowFight/Content/FirstPersonArms/Character/Textures/Manny/T_Manny_01_D.uasset" 812
"C:/Users/admin/Documents/GitHub/PillowFight/Content/FirstPersonArms/Character/Textures/Manny/T_Manny_01_D.uexp" 813
"C:/Users/admin/Documents/GitHub/PillowFight/Content/FirstPersonArms/Character/Materials/Functions/ChromaticCurve.uasset" 814
"C:/Users/admin/Documents/GitHub/PillowFight/Content/FirstPersonArms/Character/Materials/Functions/ChromaticCurve.uexp" 815
"C:/Users/admin/Documents/GitHub/PillowFight/Content/FirstPersonArms/Character/Materials/Functions/CA_Mannequin.uasset" 816
"C:/Users/admin/Documents/GitHub/PillowFight/Content/FirstPersonArms/Character/Materials/Functions/CA_Mannequin.uexp" 817
"C:/Users/admin/Documents/GitHub/PillowFight/Content/FirstPersonArms/Character/Materials/Functions/MF_Diffraction.uasset" 818
"C:/Users/admin/Documents/GitHub/PillowFight/Content/FirstPersonArms/Character/Materials/Functions/MF_Diffraction.uexp" 819
"../../../Engine/Content/Functions/Engine_MaterialFunctions01/Texturing/ScaleUVsByCenter.uasset" 820
"../../../Engine/Content/Functions/Engine_MaterialFunctions01/Texturing/ScaleUVsByCenter.uexp" 821
"C:/Users/admin/Documents/GitHub/PillowFight/Content/FirstPersonArms/Character/Textures/Shared/T_UE_Logo_M.uasset" 822
"C:/Users/admin/Documents/GitHub/PillowFight/Content/FirstPersonArms/Character/Textures/Shared/T_UE_Logo_M.uexp" 823
"C:/Users/admin/Documents/GitHub/PillowFight/Content/FirstPersonArms/Character/Materials/Functions/MF_logo3layers.uasset" 824
"C:/Users/admin/Documents/GitHub/PillowFight/Content/FirstPersonArms/Character/Materials/Functions/MF_logo3layers.uexp" 825
"C:/Users/admin/Documents/GitHub/PillowFight/Content/FirstPersonArms/Character/Materials/Functions/ML_BaseColorFallOff.uasset" 826
"C:/Users/admin/Documents/GitHub/PillowFight/Content/FirstPersonArms/Character/Materials/Functions/ML_BaseColorFallOff.uexp" 827
"C:/Users/admin/Documents/GitHub/PillowFight/Content/FirstPersonArms/Character/Materials/M_Mannequin.uasset" 828
"C:/Users/admin/Documents/GitHub/PillowFight/Content/FirstPersonArms/Character/Materials/M_Mannequin.uexp" 829
"C:/Users/admin/Documents/GitHub/PillowFight/Content/FirstPersonArms/Character/Materials/Instances/Manny/MI_Manny_01.uasset" 830
"C:/Users/admin/Documents/GitHub/PillowFight/Content/FirstPersonArms/Character/Materials/Instances/Manny/MI_Manny_01.uexp" 831
"C:/Users/admin/Documents/GitHub/PillowFight/Content/FirstPersonArms/Character/Textures/Manny/T_Manny_02_CCRCCPlastic_MSK.ubulk" 832
"C:/Users/admin/Documents/GitHub/PillowFight/Content/FirstPersonArms/Character/Textures/Manny/T_Manny_02_CCRCCPlastic_MSK.uasset" 833
"C:/Users/admin/Documents/GitHub/PillowFight/Content/FirstPersonArms/Character/Textures/Manny/T_Manny_02_CCRCCPlastic_MSK.uexp" 834
"C:/Users/admin/Documents/GitHub/PillowFight/Content/FirstPersonArms/Character/Textures/Manny/T_Manny_02_MSR_MSK.ubulk" 835
"C:/Users/admin/Documents/GitHub/PillowFight/Content/FirstPersonArms/Character/Textures/Manny/T_Manny_02_MSR_MSK.uasset" 836
"C:/Users/admin/Documents/GitHub/PillowFight/Content/FirstPersonArms/Character/Textures/Manny/T_Manny_02_MSR_MSK.uexp" 837
"C:/Users/admin/Documents/GitHub/PillowFight/Content/FirstPersonArms/Character/Textures/Manny/T_Manny_02_D.ubulk" 838
"C:/Users/admin/Documents/GitHub/PillowFight/Content/FirstPersonArms/Character/Textures/Manny/T_Manny_02_D.uasset" 839
"C:/Users/admin/Documents/GitHub/PillowFight/Content/FirstPersonArms/Character/Textures/Manny/T_Manny_02_D.uexp" 840
"C:/Users/admin/Documents/GitHub/PillowFight/Content/FirstPersonArms/Character/Textures/Manny/T_Manny_02_Tan.ubulk" 841
"C:/Users/admin/Documents/GitHub/PillowFight/Content/FirstPersonArms/Character/Textures/Manny/T_Manny_02_Tan.uasset" 842
"C:/Users/admin/Documents/GitHub/PillowFight/Content/FirstPersonArms/Character/Textures/Manny/T_Manny_02_Tan.uexp" 843
"C:/Users/admin/Documents/GitHub/PillowFight/Content/FirstPersonArms/Character/Materials/Instances/Manny/MI_Manny_02.uasset" 844
"C:/Users/admin/Documents/GitHub/PillowFight/Content/FirstPersonArms/Character/Materials/Instances/Manny/MI_Manny_02.uexp" 845
"C:/Users/admin/Documents/GitHub/PillowFight/Content/FirstPersonArms/Character/Mesh/SK_Mannequin_Arms_PhysicsAsset.uasset" 846
"C:/Users/admin/Documents/GitHub/PillowFight/Content/FirstPersonArms/Character/Mesh/SK_Mannequin_Arms_PhysicsAsset.uexp" 847
"C:/Users/admin/Documents/GitHub/PillowFight/Content/FirstPersonArms/Character/Mesh/SK_Mannequin_Arms.uasset" 848
"C:/Users/admin/Documents/GitHub/PillowFight/Content/FirstPersonArms/Character/Mesh/SK_Mannequin_Arms.uexp" 849
"C:/Users/admin/Documents/GitHub/PillowFight/Content/FirstPerson/Input/Actions/IA_Move.uasset" 850
"C:/Users/admin/Documents/GitHub/PillowFight/Content/FirstPerson/Input/Actions/IA_Move.uexp" 851
"C:/Users/admin/Documents/GitHub/PillowFight/Content/FirstPerson/Input/Actions/IA_Jump.uasset" 852
"C:/Users/admin/Documents/GitHub/PillowFight/Content/FirstPerson/Input/Actions/IA_Jump.uexp" 853
"C:/Users/admin/Documents/GitHub/PillowFight/Content/FirstPerson/Blueprints/BP_FirstPersonCharacter.uasset" 854
"C:/Users/admin/Documents/GitHub/PillowFight/Content/FirstPerson/Blueprints/BP_FirstPersonCharacter.uexp" 855
"C:/Users/admin/Documents/GitHub/PillowFight/Content/FirstPersonArms/Animations/FirstPerson_AnimBP.uasset" 856
"C:/Users/admin/Documents/GitHub/PillowFight/Content/FirstPersonArms/Animations/FirstPerson_AnimBP.uexp" 857
"C:/Users/admin/Documents/GitHub/PillowFight/Content/FirstPerson/Blueprints/BP_Weapon_Component.uasset" 858
"C:/Users/admin/Documents/GitHub/PillowFight/Content/FirstPerson/Blueprints/BP_Weapon_Component.uexp" 859
"C:/Users/admin/Documents/GitHub/PillowFight/Content/FirstPerson/Blueprints/BP_Pickup_Rifle.uasset" 860
"C:/Users/admin/Documents/GitHub/PillowFight/Content/FirstPerson/Blueprints/BP_Pickup_Rifle.uexp" 861
"../../../Engine/Content/Maps/Entry_BuiltData.uasset" 862
"../../../Engine/Content/Maps/Entry_BuiltData.uexp" 863
"../../../Engine/Content/Maps/Entry.uexp" 864
"../../../Engine/Content/Maps/Entry.umap" 865
"C:/Users/admin/Documents/GitHub/PillowFight/Content/FirstPerson/Input/IMC_Default.uasset" 866
"C:/Users/admin/Documents/GitHub/PillowFight/Content/FirstPerson/Input/IMC_Default.uexp" 867
"C:/Users/admin/Documents/GitHub/PillowFight/Content/FirstPerson/Blueprints/BP_FirstPersonPlayerController.uasset" 868
"C:/Users/admin/Documents/GitHub/PillowFight/Content/FirstPerson/Blueprints/BP_FirstPersonPlayerController.uexp" 869
"C:/Users/admin/Documents/GitHub/PillowFight/Content/FirstPerson/Blueprints/BP_FirstPersonGameMode.uasset" 870
"C:/Users/admin/Documents/GitHub/PillowFight/Content/FirstPerson/Blueprints/BP_FirstPersonGameMode.uexp" 871
"C:/Users/admin/Documents/GitHub/PillowFight/Content/FirstPerson/Maps/FirstPersonMap.uexp" 872
"C:/Users/admin/Documents/GitHub/PillowFight/Content/FirstPerson/Maps/FirstPersonMap.umap" 873
